# JRE version: Java(TM) SE Runtime Environment (7.0_67-b01) (build 1.7.0_67-b01)
# Java VM: Java HotSpot(TM) 64-Bit Server VM (24.65-b04 mixed mode windows-amd64 compressed oops)
Heap
 PSYoungGen      total 323584K, used 63815K [0x00000000eaa80000, 0x00000000ffc80000, 0x0000000100000000)
  eden space 307200K, 20% used [0x00000000eaa80000,0x00000000ee8d1f48,0x00000000fd680000)
  from space 16384K, 0% used [0x00000000fec80000,0x00000000fec80000,0x00000000ffc80000)
  to   space 19456K, 0% used [0x00000000fd680000,0x00000000fd680000,0x00000000fe980000)
 ParOldGen       total 88064K, used 41637K [0x00000000c0000000, 0x00000000c5600000, 0x00000000eaa80000)
  object space 88064K, 47% used [0x00000000c0000000,0x00000000c28a97c8,0x00000000c5600000)
 PSPermGen       total 95744K, used 43109K [0x00000000b0000000, 0x00000000b5d80000, 0x00000000c0000000)
  object space 95744K, 45% used [0x00000000b0000000,0x00000000b2a194a8,0x00000000b5d80000)
GC Heap History (10 events):
Event: 14.670 GC heap before
{Heap before GC invocations=14 (full 0):
 PSYoungGen      total 169984K, used 169978K [0x00000000eaa80000, 0x00000000fbc00000, 0x0000000100000000)
  eden space 163328K, 100% used [0x00000000eaa80000,0x00000000f4a00000,0x00000000f4a00000)
  from space 6656K, 99% used [0x00000000f4a00000,0x00000000f507ebc8,0x00000000f5080000)
  to   space 9216K, 0% used [0x00000000fb300000,0x00000000fb300000,0x00000000fbc00000)
 ParOldGen       total 41472K, used 18270K [0x00000000c0000000, 0x00000000c2880000, 0x00000000eaa80000)
  object space 41472K, 44% used [0x00000000c0000000,0x00000000c11d79e0,0x00000000c2880000)
 PSPermGen       total 29184K, used 28986K [0x00000000b0000000, 0x00000000b1c80000, 0x00000000c0000000)
  object space 29184K, 99% used [0x00000000b0000000,0x00000000b1c4eb98,0x00000000b1c80000)
Event: 14.687 GC heap after
Heap after GC invocations=14 (full 0):
 PSYoungGen      total 270848K, used 784K [0x00000000eaa80000, 0x00000000fbc00000, 0x0000000100000000)
  eden space 261632K, 0% used [0x00000000eaa80000,0x00000000eaa80000,0x00000000faa00000)
  from space 9216K, 8% used [0x00000000fb300000,0x00000000fb3c4030,0x00000000fbc00000)
  to   space 9216K, 0% used [0x00000000faa00000,0x00000000faa00000,0x00000000fb300000)
 ParOldGen       total 41472K, used 22627K [0x00000000c0000000, 0x00000000c2880000, 0x00000000eaa80000)
  object space 41472K, 54% used [0x00000000c0000000,0x00000000c1618eb0,0x00000000c2880000)
 PSPermGen       total 29184K, used 28986K [0x00000000b0000000, 0x00000000b1c80000, 0x00000000c0000000)
  object space 29184K, 99% used [0x00000000b0000000,0x00000000b1c4eb98,0x00000000b1c80000)
}
Event: 23.365 GC heap before
{Heap before GC invocations=15 (full 0):
 PSYoungGen      total 270848K, used 262416K [0x00000000eaa80000, 0x00000000fbc00000, 0x0000000100000000)
  eden space 261632K, 100% used [0x00000000eaa80000,0x00000000faa00000,0x00000000faa00000)
  from space 9216K, 8% used [0x00000000fb300000,0x00000000fb3c4030,0x00000000fbc00000)
  to   space 9216K, 0% used [0x00000000faa00000,0x00000000faa00000,0x00000000fb300000)
 ParOldGen       total 41472K, used 22627K [0x00000000c0000000, 0x00000000c2880000, 0x00000000eaa80000)
  object space 41472K, 54% used [0x00000000c0000000,0x00000000c1618eb0,0x00000000c2880000)
 PSPermGen       total 42496K, used 42148K [0x00000000b0000000, 0x00000000b2980000, 0x00000000c0000000)
  object space 42496K, 99% used [0x00000000b0000000,0x00000000b29291a8,0x00000000b2980000)
Event: 23.484 GC heap after
Heap after GC invocations=15 (full 0):
 PSYoungGen      total 270848K, used 9216K [0x00000000eaa80000, 0x0000000100000000, 0x0000000100000000)
  eden space 261632K, 0% used [0x00000000eaa80000,0x00000000eaa80000,0x00000000faa00000)
  from space 9216K, 100% used [0x00000000faa00000,0x00000000fb300000,0x00000000fb300000)
  to   space 19968K, 0% used [0x00000000fec80000,0x00000000fec80000,0x0000000100000000)
 ParOldGen       total 47616K, used 47255K [0x00000000c0000000, 0x00000000c2e80000, 0x00000000eaa80000)
  object space 47616K, 99% used [0x00000000c0000000,0x00000000c2e25c20,0x00000000c2e80000)
 PSPermGen       total 42496K, used 42148K [0x00000000b0000000, 0x00000000b2980000, 0x00000000c0000000)
  object space 42496K, 99% used [0x00000000b0000000,0x00000000b29291a8,0x00000000b2980000)
}
Event: 23.484 GC heap before
{Heap before GC invocations=16 (full 1):
 PSYoungGen      total 270848K, used 9216K [0x00000000eaa80000, 0x0000000100000000, 0x0000000100000000)
  eden space 261632K, 0% used [0x00000000eaa80000,0x00000000eaa80000,0x00000000faa00000)
  from space 9216K, 100% used [0x00000000faa00000,0x00000000fb300000,0x00000000fb300000)
  to   space 19968K, 0% used [0x00000000fec80000,0x00000000fec80000,0x0000000100000000)
 ParOldGen       total 47616K, used 47255K [0x00000000c0000000, 0x00000000c2e80000, 0x00000000eaa80000)
  object space 47616K, 99% used [0x00000000c0000000,0x00000000c2e25c20,0x00000000c2e80000)
 PSPermGen       total 42496K, used 42148K [0x00000000b0000000, 0x00000000b2980000, 0x00000000c0000000)
  object space 42496K, 99% used [0x00000000b0000000,0x00000000b29291a8,0x00000000b2980000)
Event: 24.323 GC heap after
Heap after GC invocations=16 (full 1):
 PSYoungGen      total 270848K, used 0K [0x00000000eaa80000, 0x0000000100000000, 0x0000000100000000)
  eden space 261632K, 0% used [0x00000000eaa80000,0x00000000eaa80000,0x00000000faa00000)
  from space 9216K, 0% used [0x00000000faa00000,0x00000000faa00000,0x00000000fb300000)
  to   space 19968K, 0% used [0x00000000fec80000,0x00000000fec80000,0x0000000100000000)
 ParOldGen       total 88064K, used 47123K [0x00000000c0000000, 0x00000000c5600000, 0x00000000eaa80000)
  object space 88064K, 53% used [0x00000000c0000000,0x00000000c2e04d10,0x00000000c5600000)
 PSPermGen       total 84480K, used 42016K [0x00000000b0000000, 0x00000000b5280000, 0x00000000c0000000)
  object space 84480K, 49% used [0x00000000b0000000,0x00000000b2908058,0x00000000b5280000)
}
Event: 25.517 GC heap before
{Heap before GC invocations=17 (full 1):
 PSYoungGen      total 270848K, used 27449K [0x00000000eaa80000, 0x0000000100000000, 0x0000000100000000)
  eden space 261632K, 10% used [0x00000000eaa80000,0x00000000ec54e520,0x00000000faa00000)
  from space 9216K, 0% used [0x00000000faa00000,0x00000000faa00000,0x00000000fb300000)
  to   space 19968K, 0% used [0x00000000fec80000,0x00000000fec80000,0x0000000100000000)
 ParOldGen       total 88064K, used 47123K [0x00000000c0000000, 0x00000000c5600000, 0x00000000eaa80000)
  object space 88064K, 53% used [0x00000000c0000000,0x00000000c2e04d10,0x00000000c5600000)
 PSPermGen       total 84480K, used 42957K [0x00000000b0000000, 0x00000000b5280000, 0x00000000c0000000)
  object space 84480K, 50% used [0x00000000b0000000,0x00000000b29f37a0,0x00000000b5280000)
Event: 25.531 GC heap after
Heap after GC invocations=17 (full 1):
 PSYoungGen      total 323584K, used 2809K [0x00000000eaa80000, 0x00000000ffc80000, 0x0000000100000000)
  eden space 307200K, 0% used [0x00000000eaa80000,0x00000000eaa80000,0x00000000fd680000)
  from space 16384K, 17% used [0x00000000fec80000,0x00000000fef3e650,0x00000000ffc80000)
  to   space 19456K, 0% used [0x00000000fd680000,0x00000000fd680000,0x00000000fe980000)
 ParOldGen       total 88064K, used 47123K [0x00000000c0000000, 0x00000000c5600000, 0x00000000eaa80000)
  object space 88064K, 53% used [0x00000000c0000000,0x00000000c2e04d10,0x00000000c5600000)
 PSPermGen       total 84480K, used 42957K [0x00000000b0000000, 0x00000000b5280000, 0x00000000c0000000)
  object space 84480K, 50% used [0x00000000b0000000,0x00000000b29f37a0,0x00000000b5280000)
}
Event: 25.531 GC heap before
{Heap before GC invocations=18 (full 2):
 PSYoungGen      total 323584K, used 2809K [0x00000000eaa80000, 0x00000000ffc80000, 0x0000000100000000)
  eden space 307200K, 0% used [0x00000000eaa80000,0x00000000eaa80000,0x00000000fd680000)
  from space 16384K, 17% used [0x00000000fec80000,0x00000000fef3e650,0x00000000ffc80000)
  to   space 19456K, 0% used [0x00000000fd680000,0x00000000fd680000,0x00000000fe980000)
 ParOldGen       total 88064K, used 47123K [0x00000000c0000000, 0x00000000c5600000, 0x00000000eaa80000)
  object space 88064K, 53% used [0x00000000c0000000,0x00000000c2e04d10,0x00000000c5600000)
 PSPermGen       total 84480K, used 42957K [0x00000000b0000000, 0x00000000b5280000, 0x00000000c0000000)
  object space 84480K, 50% used [0x00000000b0000000,0x00000000b29f37a0,0x00000000b5280000)
Event: 26.519 GC heap after
Heap after GC invocations=18 (full 2):
 PSYoungGen      total 323584K, used 0K [0x00000000eaa80000, 0x00000000ffc80000, 0x0000000100000000)
  eden space 307200K, 0% used [0x00000000eaa80000,0x00000000eaa80000,0x00000000fd680000)
  from space 16384K, 0% used [0x00000000fec80000,0x00000000fec80000,0x00000000ffc80000)
  to   space 19456K, 0% used [0x00000000fd680000,0x00000000fd680000,0x00000000fe980000)
 ParOldGen       total 88064K, used 41637K [0x00000000c0000000, 0x00000000c5600000, 0x00000000eaa80000)
  object space 88064K, 47% used [0x00000000c0000000,0x00000000c28a97c8,0x00000000c5600000)
 PSPermGen       total 95744K, used 42950K [0x00000000b0000000, 0x00000000b5d80000, 0x00000000c0000000)
  object space 95744K, 44% used [0x00000000b0000000,0x00000000b29f1848,0x00000000b5d80000)
}

