# JRE version: Java(TM) SE Runtime Environment (7.0_67-b01) (build 1.7.0_67-b01)
# Java VM: Java HotSpot(TM) 64-Bit Server VM (24.65-b04 mixed mode windows-amd64 compressed oops)
Heap
 PSYoungGen      total 327680K, used 63240K [0x00000000eaa80000, 0x0000000100000000, 0x0000000100000000)
  eden space 305664K, 16% used [0x00000000eaa80000,0x00000000edba5bb8,0x00000000fd500000)
  from space 22016K, 58% used [0x00000000fea80000,0x00000000ff71c650,0x0000000100000000)
  to   space 22016K, 0% used [0x00000000fd500000,0x00000000fd500000,0x00000000fea80000)
 ParOldGen       total 75264K, used 43309K [0x00000000c0000000, 0x00000000c4980000, 0x00000000eaa80000)
  object space 75264K, 57% used [0x00000000c0000000,0x00000000c2a4b6d8,0x00000000c4980000)
 PSPermGen       total 90624K, used 45866K [0x00000000b0000000, 0x00000000b5880000, 0x00000000c0000000)
  object space 90624K, 50% used [0x00000000b0000000,0x00000000b2cca8d0,0x00000000b5880000)
GC Heap History (10 events):
Event: 69.167 GC heap before
{Heap before GC invocations=10 (full 0):
 PSYoungGen      total 262656K, used 262628K [0x00000000eaa80000, 0x0000000100000000, 0x0000000100000000)
  eden space 253952K, 100% used [0x00000000eaa80000,0x00000000fa280000,0x00000000fa280000)
  from space 8704K, 99% used [0x00000000fa280000,0x00000000faaf9030,0x00000000fab00000)
  to   space 12288K, 0% used [0x00000000ff400000,0x00000000ff400000,0x0000000100000000)
 ParOldGen       total 41472K, used 20084K [0x00000000c0000000, 0x00000000c2880000, 0x00000000eaa80000)
  object space 41472K, 48% used [0x00000000c0000000,0x00000000c139d1f0,0x00000000c2880000)
 PSPermGen       total 38912K, used 38664K [0x00000000b0000000, 0x00000000b2600000, 0x00000000c0000000)
  object space 38912K, 99% used [0x00000000b0000000,0x00000000b25c2160,0x00000000b2600000)
Event: 69.550 GC heap after
Heap after GC invocations=10 (full 0):
 PSYoungGen      total 321024K, used 12257K [0x00000000eaa80000, 0x0000000100000000, 0x0000000100000000)
  eden space 308736K, 0% used [0x00000000eaa80000,0x00000000eaa80000,0x00000000fd800000)
  from space 12288K, 99% used [0x00000000ff400000,0x00000000ffff87d0,0x0000000100000000)
  to   space 20480K, 0% used [0x00000000fd800000,0x00000000fd800000,0x00000000fec00000)
 ParOldGen       total 41472K, used 38064K [0x00000000c0000000, 0x00000000c2880000, 0x00000000eaa80000)
  object space 41472K, 91% used [0x00000000c0000000,0x00000000c252c0e8,0x00000000c2880000)
 PSPermGen       total 38912K, used 38664K [0x00000000b0000000, 0x00000000b2600000, 0x00000000c0000000)
  object space 38912K, 99% used [0x00000000b0000000,0x00000000b25c2160,0x00000000b2600000)
}
Event: 69.550 GC heap before
{Heap before GC invocations=11 (full 1):
 PSYoungGen      total 321024K, used 12257K [0x00000000eaa80000, 0x0000000100000000, 0x0000000100000000)
  eden space 308736K, 0% used [0x00000000eaa80000,0x00000000eaa80000,0x00000000fd800000)
  from space 12288K, 99% used [0x00000000ff400000,0x00000000ffff87d0,0x0000000100000000)
  to   space 20480K, 0% used [0x00000000fd800000,0x00000000fd800000,0x00000000fec00000)
 ParOldGen       total 41472K, used 38064K [0x00000000c0000000, 0x00000000c2880000, 0x00000000eaa80000)
  object space 41472K, 91% used [0x00000000c0000000,0x00000000c252c0e8,0x00000000c2880000)
 PSPermGen       total 38912K, used 38664K [0x00000000b0000000, 0x00000000b2600000, 0x00000000c0000000)
  object space 38912K, 99% used [0x00000000b0000000,0x00000000b25c2160,0x00000000b2600000)
Event: 70.963 GC heap after
Heap after GC invocations=11 (full 1):
 PSYoungGen      total 321024K, used 0K [0x00000000eaa80000, 0x0000000100000000, 0x0000000100000000)
  eden space 308736K, 0% used [0x00000000eaa80000,0x00000000eaa80000,0x00000000fd800000)
  from space 12288K, 0% used [0x00000000ff400000,0x00000000ff400000,0x0000000100000000)
  to   space 20480K, 0% used [0x00000000fd800000,0x00000000fd800000,0x00000000fec00000)
 ParOldGen       total 75264K, used 37790K [0x00000000c0000000, 0x00000000c4980000, 0x00000000eaa80000)
  object space 75264K, 50% used [0x00000000c0000000,0x00000000c24e7888,0x00000000c4980000)
 PSPermGen       total 77312K, used 38535K [0x00000000b0000000, 0x00000000b4b80000, 0x00000000c0000000)
  object space 77312K, 49% used [0x00000000b0000000,0x00000000b25a1cf8,0x00000000b4b80000)
}
Event: 80.266 GC heap before
{Heap before GC invocations=12 (full 1):
 PSYoungGen      total 321024K, used 124590K [0x00000000eaa80000, 0x0000000100000000, 0x0000000100000000)
  eden space 308736K, 40% used [0x00000000eaa80000,0x00000000f242b8b0,0x00000000fd800000)
  from space 12288K, 0% used [0x00000000ff400000,0x00000000ff400000,0x0000000100000000)
  to   space 20480K, 0% used [0x00000000fd800000,0x00000000fd800000,0x00000000fec00000)
 ParOldGen       total 75264K, used 37790K [0x00000000c0000000, 0x00000000c4980000, 0x00000000eaa80000)
  object space 75264K, 50% used [0x00000000c0000000,0x00000000c24e7888,0x00000000c4980000)
 PSPermGen       total 77312K, used 42945K [0x00000000b0000000, 0x00000000b4b80000, 0x00000000c0000000)
  object space 77312K, 55% used [0x00000000b0000000,0x00000000b29f07d8,0x00000000b4b80000)
Event: 80.305 GC heap after
Heap after GC invocations=12 (full 1):
 PSYoungGen      total 323584K, used 14546K [0x00000000eaa80000, 0x0000000100000000, 0x0000000100000000)
  eden space 308736K, 0% used [0x00000000eaa80000,0x00000000eaa80000,0x00000000fd800000)
  from space 14848K, 97% used [0x00000000fd800000,0x00000000fe634980,0x00000000fe680000)
  to   space 22016K, 0% used [0x00000000fea80000,0x00000000fea80000,0x0000000100000000)
 ParOldGen       total 75264K, used 37790K [0x00000000c0000000, 0x00000000c4980000, 0x00000000eaa80000)
  object space 75264K, 50% used [0x00000000c0000000,0x00000000c24e7888,0x00000000c4980000)
 PSPermGen       total 77312K, used 42945K [0x00000000b0000000, 0x00000000b4b80000, 0x00000000c0000000)
  object space 77312K, 55% used [0x00000000b0000000,0x00000000b29f07d8,0x00000000b4b80000)
}
Event: 80.305 GC heap before
{Heap before GC invocations=13 (full 2):
 PSYoungGen      total 323584K, used 14546K [0x00000000eaa80000, 0x0000000100000000, 0x0000000100000000)
  eden space 308736K, 0% used [0x00000000eaa80000,0x00000000eaa80000,0x00000000fd800000)
  from space 14848K, 97% used [0x00000000fd800000,0x00000000fe634980,0x00000000fe680000)
  to   space 22016K, 0% used [0x00000000fea80000,0x00000000fea80000,0x0000000100000000)
 ParOldGen       total 75264K, used 37790K [0x00000000c0000000, 0x00000000c4980000, 0x00000000eaa80000)
  object space 75264K, 50% used [0x00000000c0000000,0x00000000c24e7888,0x00000000c4980000)
 PSPermGen       total 77312K, used 42945K [0x00000000b0000000, 0x00000000b4b80000, 0x00000000c0000000)
  object space 77312K, 55% used [0x00000000b0000000,0x00000000b29f07d8,0x00000000b4b80000)
Event: 82.164 GC heap after
Heap after GC invocations=13 (full 2):
 PSYoungGen      total 323584K, used 0K [0x00000000eaa80000, 0x0000000100000000, 0x0000000100000000)
  eden space 308736K, 0% used [0x00000000eaa80000,0x00000000eaa80000,0x00000000fd800000)
  from space 14848K, 0% used [0x00000000fd800000,0x00000000fd800000,0x00000000fe680000)
  to   space 22016K, 0% used [0x00000000fea80000,0x00000000fea80000,0x0000000100000000)
 ParOldGen       total 75264K, used 43301K [0x00000000c0000000, 0x00000000c4980000, 0x00000000eaa80000)
  object space 75264K, 57% used [0x00000000c0000000,0x00000000c2a496d8,0x00000000c4980000)
 PSPermGen       total 90624K, used 42934K [0x00000000b0000000, 0x00000000b5880000, 0x00000000c0000000)
  object space 90624K, 47% used [0x00000000b0000000,0x00000000b29ed938,0x00000000b5880000)
}
Event: 123.021 GC heap before
{Heap before GC invocations=14 (full 2):
 PSYoungGen      total 323584K, used 308736K [0x00000000eaa80000, 0x0000000100000000, 0x0000000100000000)
  eden space 308736K, 100% used [0x00000000eaa80000,0x00000000fd800000,0x00000000fd800000)
  from space 14848K, 0% used [0x00000000fd800000,0x00000000fd800000,0x00000000fe680000)
  to   space 22016K, 0% used [0x00000000fea80000,0x00000000fea80000,0x0000000100000000)
 ParOldGen       total 75264K, used 43301K [0x00000000c0000000, 0x00000000c4980000, 0x00000000eaa80000)
  object space 75264K, 57% used [0x00000000c0000000,0x00000000c2a496d8,0x00000000c4980000)
 PSPermGen       total 90624K, used 45858K [0x00000000b0000000, 0x00000000b5880000, 0x00000000c0000000)
  object space 90624K, 50% used [0x00000000b0000000,0x00000000b2cc8a68,0x00000000b5880000)
Event: 123.057 GC heap after
Heap after GC invocations=14 (full 2):
 PSYoungGen      total 327680K, used 12913K [0x00000000eaa80000, 0x0000000100000000, 0x0000000100000000)
  eden space 305664K, 0% used [0x00000000eaa80000,0x00000000eaa80000,0x00000000fd500000)
  from space 22016K, 58% used [0x00000000fea80000,0x00000000ff71c650,0x0000000100000000)
  to   space 22016K, 0% used [0x00000000fd500000,0x00000000fd500000,0x00000000fea80000)
 ParOldGen       total 75264K, used 43309K [0x00000000c0000000, 0x00000000c4980000, 0x00000000eaa80000)
  object space 75264K, 57% used [0x00000000c0000000,0x00000000c2a4b6d8,0x00000000c4980000)
 PSPermGen       total 90624K, used 45858K [0x00000000b0000000, 0x00000000b5880000, 0x00000000c0000000)
  object space 90624K, 50% used [0x00000000b0000000,0x00000000b2cc8a68,0x00000000b5880000)
}

