# JRE version: Java(TM) SE Runtime Environment (7.0_67-b01) (build 1.7.0_67-b01)
# Java VM: Java HotSpot(TM) 64-Bit Server VM (24.65-b04 mixed mode windows-amd64 compressed oops)
Heap
 PSYoungGen      total 333312K, used 116608K [0x00000000eaa80000, 0x0000000100000000, 0x0000000100000000)
  eden space 321024K, 36% used [0x00000000eaa80000,0x00000000f1c60180,0x00000000fe400000)
  from space 12288K, 0% used [0x00000000fe400000,0x00000000fe400000,0x00000000ff000000)
  to   space 16384K, 0% used [0x00000000ff000000,0x00000000ff000000,0x0000000100000000)
 ParOldGen       total 86016K, used 45008K [0x00000000c0000000, 0x00000000c5400000, 0x00000000eaa80000)
  object space 86016K, 52% used [0x00000000c0000000,0x00000000c2bf41d8,0x00000000c5400000)
 PSPermGen       total 99328K, used 45694K [0x00000000b0000000, 0x00000000b6100000, 0x00000000c0000000)
  object space 99328K, 46% used [0x00000000b0000000,0x00000000b2c9fad8,0x00000000b6100000)
GC Heap History (10 events):
Event: 11.476 GC heap before
{Heap before GC invocations=11 (full 0):
 PSYoungGen      total 210432K, used 208732K [0x00000000eaa80000, 0x00000000f8100000, 0x0000000100000000)
  eden space 202752K, 100% used [0x00000000eaa80000,0x00000000f7080000,0x00000000f7080000)
  from space 7680K, 77% used [0x00000000f7880000,0x00000000f7e571b0,0x00000000f8000000)
  to   space 8192K, 0% used [0x00000000f7080000,0x00000000f7080000,0x00000000f7880000)
 ParOldGen       total 41472K, used 14141K [0x00000000c0000000, 0x00000000c2880000, 0x00000000eaa80000)
  object space 41472K, 34% used [0x00000000c0000000,0x00000000c0dcf5b8,0x00000000c2880000)
 PSPermGen       total 29184K, used 28998K [0x00000000b0000000, 0x00000000b1c80000, 0x00000000c0000000)
  object space 29184K, 99% used [0x00000000b0000000,0x00000000b1c51998,0x00000000b1c80000)
Event: 11.498 GC heap after
Heap after GC invocations=11 (full 0):
 PSYoungGen      total 210944K, used 6416K [0x00000000eaa80000, 0x00000000ff880000, 0x0000000100000000)
  eden space 202752K, 0% used [0x00000000eaa80000,0x00000000eaa80000,0x00000000f7080000)
  from space 8192K, 78% used [0x00000000f7080000,0x00000000f76c4000,0x00000000f7880000)
  to   space 8704K, 0% used [0x00000000ff000000,0x00000000ff000000,0x00000000ff880000)
 ParOldGen       total 41472K, used 18469K [0x00000000c0000000, 0x00000000c2880000, 0x00000000eaa80000)
  object space 41472K, 44% used [0x00000000c0000000,0x00000000c1209768,0x00000000c2880000)
 PSPermGen       total 29184K, used 28998K [0x00000000b0000000, 0x00000000b1c80000, 0x00000000c0000000)
  object space 29184K, 99% used [0x00000000b0000000,0x00000000b1c51998,0x00000000b1c80000)
}
Event: 17.893 GC heap before
{Heap before GC invocations=12 (full 0):
 PSYoungGen      total 210944K, used 209168K [0x00000000eaa80000, 0x00000000ff880000, 0x0000000100000000)
  eden space 202752K, 100% used [0x00000000eaa80000,0x00000000f7080000,0x00000000f7080000)
  from space 8192K, 78% used [0x00000000f7080000,0x00000000f76c4000,0x00000000f7880000)
  to   space 8704K, 0% used [0x00000000ff000000,0x00000000ff000000,0x00000000ff880000)
 ParOldGen       total 41472K, used 18469K [0x00000000c0000000, 0x00000000c2880000, 0x00000000eaa80000)
  object space 41472K, 44% used [0x00000000c0000000,0x00000000c1209768,0x00000000c2880000)
 PSPermGen       total 35840K, used 35617K [0x00000000b0000000, 0x00000000b2300000, 0x00000000c0000000)
  object space 35840K, 99% used [0x00000000b0000000,0x00000000b22c8658,0x00000000b2300000)
Event: 17.930 GC heap after
Heap after GC invocations=12 (full 0):
 PSYoungGen      total 329728K, used 8686K [0x00000000eaa80000, 0x00000000fff80000, 0x0000000100000000)
  eden space 321024K, 0% used [0x00000000eaa80000,0x00000000eaa80000,0x00000000fe400000)
  from space 8704K, 99% used [0x00000000ff000000,0x00000000ff87bb88,0x00000000ff880000)
  to   space 12288K, 0% used [0x00000000fe400000,0x00000000fe400000,0x00000000ff000000)
 ParOldGen       total 41472K, used 26031K [0x00000000c0000000, 0x00000000c2880000, 0x00000000eaa80000)
  object space 41472K, 62% used [0x00000000c0000000,0x00000000c196bf28,0x00000000c2880000)
 PSPermGen       total 35840K, used 35617K [0x00000000b0000000, 0x00000000b2300000, 0x00000000c0000000)
  object space 35840K, 99% used [0x00000000b0000000,0x00000000b22c8658,0x00000000b2300000)
}
Event: 24.209 GC heap before
{Heap before GC invocations=13 (full 0):
 PSYoungGen      total 329728K, used 194497K [0x00000000eaa80000, 0x00000000fff80000, 0x0000000100000000)
  eden space 321024K, 57% used [0x00000000eaa80000,0x00000000f5ff4c18,0x00000000fe400000)
  from space 8704K, 99% used [0x00000000ff000000,0x00000000ff87bb88,0x00000000ff880000)
  to   space 12288K, 0% used [0x00000000fe400000,0x00000000fe400000,0x00000000ff000000)
 ParOldGen       total 41472K, used 26031K [0x00000000c0000000, 0x00000000c2880000, 0x00000000eaa80000)
  object space 41472K, 62% used [0x00000000c0000000,0x00000000c196bf28,0x00000000c2880000)
 PSPermGen       total 43520K, used 43091K [0x00000000b0000000, 0x00000000b2a80000, 0x00000000c0000000)
  object space 43520K, 99% used [0x00000000b0000000,0x00000000b2a14ca8,0x00000000b2a80000)
Event: 24.297 GC heap after
Heap after GC invocations=13 (full 0):
 PSYoungGen      total 333312K, used 12262K [0x00000000eaa80000, 0x0000000100000000, 0x0000000100000000)
  eden space 321024K, 0% used [0x00000000eaa80000,0x00000000eaa80000,0x00000000fe400000)
  from space 12288K, 99% used [0x00000000fe400000,0x00000000feff9ba0,0x00000000ff000000)
  to   space 16384K, 0% used [0x00000000ff000000,0x00000000ff000000,0x0000000100000000)
 ParOldGen       total 45056K, used 44696K [0x00000000c0000000, 0x00000000c2c00000, 0x00000000eaa80000)
  object space 45056K, 99% used [0x00000000c0000000,0x00000000c2ba6358,0x00000000c2c00000)
 PSPermGen       total 43520K, used 43091K [0x00000000b0000000, 0x00000000b2a80000, 0x00000000c0000000)
  object space 43520K, 99% used [0x00000000b0000000,0x00000000b2a14ca8,0x00000000b2a80000)
}
Event: 24.297 GC heap before
{Heap before GC invocations=14 (full 1):
 PSYoungGen      total 333312K, used 12262K [0x00000000eaa80000, 0x0000000100000000, 0x0000000100000000)
  eden space 321024K, 0% used [0x00000000eaa80000,0x00000000eaa80000,0x00000000fe400000)
  from space 12288K, 99% used [0x00000000fe400000,0x00000000feff9ba0,0x00000000ff000000)
  to   space 16384K, 0% used [0x00000000ff000000,0x00000000ff000000,0x0000000100000000)
 ParOldGen       total 45056K, used 44696K [0x00000000c0000000, 0x00000000c2c00000, 0x00000000eaa80000)
  object space 45056K, 99% used [0x00000000c0000000,0x00000000c2ba6358,0x00000000c2c00000)
 PSPermGen       total 43520K, used 43091K [0x00000000b0000000, 0x00000000b2a80000, 0x00000000c0000000)
  object space 43520K, 99% used [0x00000000b0000000,0x00000000b2a14ca8,0x00000000b2a80000)
Event: 25.206 GC heap after
Heap after GC invocations=14 (full 1):
 PSYoungGen      total 333312K, used 2521K [0x00000000eaa80000, 0x0000000100000000, 0x0000000100000000)
  eden space 321024K, 0% used [0x00000000eaa80000,0x00000000eaa80000,0x00000000fe400000)
  from space 12288K, 20% used [0x00000000fe400000,0x00000000fe676488,0x00000000ff000000)
  to   space 16384K, 0% used [0x00000000ff000000,0x00000000ff000000,0x0000000100000000)
 ParOldGen       total 45056K, used 45039K [0x00000000c0000000, 0x00000000c2c00000, 0x00000000eaa80000)
  object space 45056K, 99% used [0x00000000c0000000,0x00000000c2bfbf40,0x00000000c2c00000)
 PSPermGen       total 86528K, used 42951K [0x00000000b0000000, 0x00000000b5480000, 0x00000000c0000000)
  object space 86528K, 49% used [0x00000000b0000000,0x00000000b29f1d80,0x00000000b5480000)
}
Event: 39.220 GC heap before
{Heap before GC invocations=15 (full 2):
 PSYoungGen      total 333312K, used 323545K [0x00000000eaa80000, 0x0000000100000000, 0x0000000100000000)
  eden space 321024K, 100% used [0x00000000eaa80000,0x00000000fe400000,0x00000000fe400000)
  from space 12288K, 20% used [0x00000000fe400000,0x00000000fe676488,0x00000000ff000000)
  to   space 16384K, 0% used [0x00000000ff000000,0x00000000ff000000,0x0000000100000000)
 ParOldGen       total 45056K, used 45039K [0x00000000c0000000, 0x00000000c2c00000, 0x00000000eaa80000)
  object space 45056K, 99% used [0x00000000c0000000,0x00000000c2bfbf40,0x00000000c2c00000)
 PSPermGen       total 86528K, used 45683K [0x00000000b0000000, 0x00000000b5480000, 0x00000000c0000000)
  object space 86528K, 52% used [0x00000000b0000000,0x00000000b2c9cdf8,0x00000000b5480000)
Event: 39.809 GC heap after
Heap after GC invocations=15 (full 2):
 PSYoungGen      total 333312K, used 7568K [0x00000000eaa80000, 0x0000000100000000, 0x0000000100000000)
  eden space 321024K, 2% used [0x00000000eaa80000,0x00000000eb1e43f8,0x00000000fe400000)
  from space 12288K, 0% used [0x00000000fe400000,0x00000000fe400000,0x00000000ff000000)
  to   space 16384K, 0% used [0x00000000ff000000,0x00000000ff000000,0x0000000100000000)
 ParOldGen       total 86016K, used 45008K [0x00000000c0000000, 0x00000000c5400000, 0x00000000eaa80000)
  object space 86016K, 52% used [0x00000000c0000000,0x00000000c2bf41d8,0x00000000c5400000)
 PSPermGen       total 99328K, used 45645K [0x00000000b0000000, 0x00000000b6100000, 0x00000000c0000000)
  object space 99328K, 45% used [0x00000000b0000000,0x00000000b2c937c0,0x00000000b6100000)
}

