# JRE version: Java(TM) SE Runtime Environment (7.0_67-b01) (build 1.7.0_67-b01)
# Java VM: Java HotSpot(TM) 64-Bit Server VM (24.65-b04 mixed mode windows-amd64 compressed oops)
Heap
 PSYoungGen      total 259072K, used 211260K [0x00000000eaa80000, 0x00000000fca00000, 0x0000000100000000)
  eden space 231936K, 87% used [0x00000000eaa80000,0x00000000f71c16d0,0x00000000f8d00000)
  from space 27136K, 26% used [0x00000000faf80000,0x00000000fb68dbf0,0x00000000fca00000)
  to   space 31232K, 0% used [0x00000000f8d00000,0x00000000f8d00000,0x00000000fab80000)
 ParOldGen       total 117760K, used 54271K [0x00000000c0000000, 0x00000000c7300000, 0x00000000eaa80000)
  object space 117760K, 46% used [0x00000000c0000000,0x00000000c34fff20,0x00000000c7300000)
 PSPermGen       total 104960K, used 59920K [0x00000000b0000000, 0x00000000b6680000, 0x00000000c0000000)
  object space 104960K, 57% used [0x00000000b0000000,0x00000000b3a84388,0x00000000b6680000)
GC Heap History (10 events):
Event: 624.941 GC heap before
{Heap before GC invocations=32 (full 4):
 PSYoungGen      total 236032K, used 1568K [0x00000000eaa80000, 0x00000000fae00000, 0x0000000100000000)
  eden space 207360K, 0% used [0x00000000eaa80000,0x00000000eaa80000,0x00000000f7500000)
  from space 28672K, 5% used [0x00000000f9200000,0x00000000f9388000,0x00000000fae00000)
  to   space 29184K, 0% used [0x00000000f7500000,0x00000000f7500000,0x00000000f9180000)
 ParOldGen       total 117760K, used 55130K [0x00000000c0000000, 0x00000000c7300000, 0x00000000eaa80000)
  object space 117760K, 46% used [0x00000000c0000000,0x00000000c35d6ae8,0x00000000c7300000)
 PSPermGen       total 105984K, used 57849K [0x00000000b0000000, 0x00000000b6780000, 0x00000000c0000000)
  object space 105984K, 54% used [0x00000000b0000000,0x00000000b387e620,0x00000000b6780000)
Event: 625.425 GC heap after
Heap after GC invocations=32 (full 4):
 PSYoungGen      total 236032K, used 0K [0x00000000eaa80000, 0x00000000fae00000, 0x0000000100000000)
  eden space 207360K, 0% used [0x00000000eaa80000,0x00000000eaa80000,0x00000000f7500000)
  from space 28672K, 0% used [0x00000000f9200000,0x00000000f9200000,0x00000000fae00000)
  to   space 29184K, 0% used [0x00000000f7500000,0x00000000f7500000,0x00000000f9180000)
 ParOldGen       total 117760K, used 54271K [0x00000000c0000000, 0x00000000c7300000, 0x00000000eaa80000)
  object space 117760K, 46% used [0x00000000c0000000,0x00000000c34fff20,0x00000000c7300000)
 PSPermGen       total 104960K, used 57848K [0x00000000b0000000, 0x00000000b6680000, 0x00000000c0000000)
  object space 104960K, 55% used [0x00000000b0000000,0x00000000b387e040,0x00000000b6680000)
}
Event: 657.229 GC heap before
{Heap before GC invocations=33 (full 4):
 PSYoungGen      total 236032K, used 207360K [0x00000000eaa80000, 0x00000000fae00000, 0x0000000100000000)
  eden space 207360K, 100% used [0x00000000eaa80000,0x00000000f7500000,0x00000000f7500000)
  from space 28672K, 0% used [0x00000000f9200000,0x00000000f9200000,0x00000000fae00000)
  to   space 29184K, 0% used [0x00000000f7500000,0x00000000f7500000,0x00000000f9180000)
 ParOldGen       total 117760K, used 54271K [0x00000000c0000000, 0x00000000c7300000, 0x00000000eaa80000)
  object space 117760K, 46% used [0x00000000c0000000,0x00000000c34fff20,0x00000000c7300000)
 PSPermGen       total 104960K, used 58247K [0x00000000b0000000, 0x00000000b6680000, 0x00000000c0000000)
  object space 104960K, 55% used [0x00000000b0000000,0x00000000b38e1e98,0x00000000b6680000)
Event: 657.237 GC heap after
Heap after GC invocations=33 (full 4):
 PSYoungGen      total 236544K, used 3409K [0x00000000eaa80000, 0x00000000fba80000, 0x0000000100000000)
  eden space 207360K, 0% used [0x00000000eaa80000,0x00000000eaa80000,0x00000000f7500000)
  from space 29184K, 11% used [0x00000000f7500000,0x00000000f78547d0,0x00000000f9180000)
  to   space 28672K, 0% used [0x00000000f9e80000,0x00000000f9e80000,0x00000000fba80000)
 ParOldGen       total 117760K, used 54271K [0x00000000c0000000, 0x00000000c7300000, 0x00000000eaa80000)
  object space 117760K, 46% used [0x00000000c0000000,0x00000000c34fff20,0x00000000c7300000)
 PSPermGen       total 104960K, used 58247K [0x00000000b0000000, 0x00000000b6680000, 0x00000000c0000000)
  object space 104960K, 55% used [0x00000000b0000000,0x00000000b38e1e98,0x00000000b6680000)
}
Event: 668.388 GC heap before
{Heap before GC invocations=34 (full 4):
 PSYoungGen      total 236544K, used 210769K [0x00000000eaa80000, 0x00000000fba80000, 0x0000000100000000)
  eden space 207360K, 100% used [0x00000000eaa80000,0x00000000f7500000,0x00000000f7500000)
  from space 29184K, 11% used [0x00000000f7500000,0x00000000f78547d0,0x00000000f9180000)
  to   space 28672K, 0% used [0x00000000f9e80000,0x00000000f9e80000,0x00000000fba80000)
 ParOldGen       total 117760K, used 54271K [0x00000000c0000000, 0x00000000c7300000, 0x00000000eaa80000)
  object space 117760K, 46% used [0x00000000c0000000,0x00000000c34fff20,0x00000000c7300000)
 PSPermGen       total 104960K, used 58754K [0x00000000b0000000, 0x00000000b6680000, 0x00000000c0000000)
  object space 104960K, 55% used [0x00000000b0000000,0x00000000b3960988,0x00000000b6680000)
Event: 668.425 GC heap after
Heap after GC invocations=34 (full 4):
 PSYoungGen      total 247808K, used 13096K [0x00000000eaa80000, 0x00000000fb900000, 0x0000000100000000)
  eden space 220672K, 0% used [0x00000000eaa80000,0x00000000eaa80000,0x00000000f8200000)
  from space 27136K, 48% used [0x00000000f9e80000,0x00000000fab4a380,0x00000000fb900000)
  to   space 28160K, 0% used [0x00000000f8200000,0x00000000f8200000,0x00000000f9d80000)
 ParOldGen       total 117760K, used 54271K [0x00000000c0000000, 0x00000000c7300000, 0x00000000eaa80000)
  object space 117760K, 46% used [0x00000000c0000000,0x00000000c34fff20,0x00000000c7300000)
 PSPermGen       total 104960K, used 58754K [0x00000000b0000000, 0x00000000b6680000, 0x00000000c0000000)
  object space 104960K, 55% used [0x00000000b0000000,0x00000000b3960988,0x00000000b6680000)
}
Event: 684.763 GC heap before
{Heap before GC invocations=35 (full 4):
 PSYoungGen      total 247808K, used 233768K [0x00000000eaa80000, 0x00000000fb900000, 0x0000000100000000)
  eden space 220672K, 100% used [0x00000000eaa80000,0x00000000f8200000,0x00000000f8200000)
  from space 27136K, 48% used [0x00000000f9e80000,0x00000000fab4a380,0x00000000fb900000)
  to   space 28160K, 0% used [0x00000000f8200000,0x00000000f8200000,0x00000000f9d80000)
 ParOldGen       total 117760K, used 54271K [0x00000000c0000000, 0x00000000c7300000, 0x00000000eaa80000)
  object space 117760K, 46% used [0x00000000c0000000,0x00000000c34fff20,0x00000000c7300000)
 PSPermGen       total 104960K, used 59059K [0x00000000b0000000, 0x00000000b6680000, 0x00000000c0000000)
  object space 104960K, 56% used [0x00000000b0000000,0x00000000b39acf08,0x00000000b6680000)
Event: 684.808 GC heap after
Heap after GC invocations=35 (full 4):
 PSYoungGen      total 248832K, used 27400K [0x00000000eaa80000, 0x00000000fcf80000, 0x0000000100000000)
  eden space 220672K, 0% used [0x00000000eaa80000,0x00000000eaa80000,0x00000000f8200000)
  from space 28160K, 97% used [0x00000000f8200000,0x00000000f9cc23a0,0x00000000f9d80000)
  to   space 32768K, 0% used [0x00000000faf80000,0x00000000faf80000,0x00000000fcf80000)
 ParOldGen       total 117760K, used 54271K [0x00000000c0000000, 0x00000000c7300000, 0x00000000eaa80000)
  object space 117760K, 46% used [0x00000000c0000000,0x00000000c34fff20,0x00000000c7300000)
 PSPermGen       total 104960K, used 59059K [0x00000000b0000000, 0x00000000b6680000, 0x00000000c0000000)
  object space 104960K, 56% used [0x00000000b0000000,0x00000000b39acf08,0x00000000b6680000)
}
Event: 715.843 GC heap before
{Heap before GC invocations=36 (full 4):
 PSYoungGen      total 248832K, used 248072K [0x00000000eaa80000, 0x00000000fcf80000, 0x0000000100000000)
  eden space 220672K, 100% used [0x00000000eaa80000,0x00000000f8200000,0x00000000f8200000)
  from space 28160K, 97% used [0x00000000f8200000,0x00000000f9cc23a0,0x00000000f9d80000)
  to   space 32768K, 0% used [0x00000000faf80000,0x00000000faf80000,0x00000000fcf80000)
 ParOldGen       total 117760K, used 54271K [0x00000000c0000000, 0x00000000c7300000, 0x00000000eaa80000)
  object space 117760K, 46% used [0x00000000c0000000,0x00000000c34fff20,0x00000000c7300000)
 PSPermGen       total 104960K, used 59313K [0x00000000b0000000, 0x00000000b6680000, 0x00000000c0000000)
  object space 104960K, 56% used [0x00000000b0000000,0x00000000b39ec5c8,0x00000000b6680000)
Event: 715.857 GC heap after
Heap after GC invocations=36 (full 4):
 PSYoungGen      total 259072K, used 7222K [0x00000000eaa80000, 0x00000000fca00000, 0x0000000100000000)
  eden space 231936K, 0% used [0x00000000eaa80000,0x00000000eaa80000,0x00000000f8d00000)
  from space 27136K, 26% used [0x00000000faf80000,0x00000000fb68dbf0,0x00000000fca00000)
  to   space 31232K, 0% used [0x00000000f8d00000,0x00000000f8d00000,0x00000000fab80000)
 ParOldGen       total 117760K, used 54271K [0x00000000c0000000, 0x00000000c7300000, 0x00000000eaa80000)
  object space 117760K, 46% used [0x00000000c0000000,0x00000000c34fff20,0x00000000c7300000)
 PSPermGen       total 104960K, used 59313K [0x00000000b0000000, 0x00000000b6680000, 0x00000000c0000000)
  object space 104960K, 56% used [0x00000000b0000000,0x00000000b39ec5c8,0x00000000b6680000)
}

