# JRE version: Java(TM) SE Runtime Environment (7.0_67-b01) (build 1.7.0_67-b01)
# Java VM: Java HotSpot(TM) 64-Bit Server VM (24.65-b04 mixed mode windows-amd64 compressed oops)
Heap
 PSYoungGen      total 224256K, used 100399K [0x00000000eaa80000, 0x0000000100000000, 0x0000000100000000)
  eden space 209920K, 42% used [0x00000000eaa80000,0x00000000f029d228,0x00000000f7780000)
  from space 14336K, 70% used [0x00000000fb200000,0x00000000fbbeed78,0x00000000fc000000)
  to   space 59904K, 0% used [0x00000000f7780000,0x00000000f7780000,0x00000000fb200000)
 ParOldGen       total 113664K, used 113448K [0x00000000c0000000, 0x00000000c6f00000, 0x00000000eaa80000)
  object space 113664K, 99% used [0x00000000c0000000,0x00000000c6eca3e0,0x00000000c6f00000)
 PSPermGen       total 21504K, used 6017K [0x00000000bae00000, 0x00000000bc300000, 0x00000000c0000000)
  object space 21504K, 27% used [0x00000000bae00000,0x00000000bb3e0680,0x00000000bc300000)
GC Heap History (10 events):
Event: 16.351 GC heap before
{Heap before GC invocations=8 (full 1):
 PSYoungGen      total 140800K, used 16374K [0x00000000eaa80000, 0x00000000fd180000, 0x0000000100000000)
  eden space 124416K, 0% used [0x00000000eaa80000,0x00000000eaa80000,0x00000000f2400000)
  from space 16384K, 99% used [0x00000000f2400000,0x00000000f33fd9d0,0x00000000f3400000)
  to   space 26624K, 0% used [0x00000000fb780000,0x00000000fb780000,0x00000000fd180000)
 ParOldGen       total 41984K, used 41513K [0x00000000c0000000, 0x00000000c2900000, 0x00000000eaa80000)
  object space 41984K, 98% used [0x00000000c0000000,0x00000000c288a738,0x00000000c2900000)
 PSPermGen       total 21504K, used 5958K [0x00000000bae00000, 0x00000000bc300000, 0x00000000c0000000)
  object space 21504K, 27% used [0x00000000bae00000,0x00000000bb3d1960,0x00000000bc300000)
Event: 18.425 GC heap after
Heap after GC invocations=8 (full 1):
 PSYoungGen      total 140800K, used 10202K [0x00000000eaa80000, 0x00000000fd180000, 0x0000000100000000)
  eden space 124416K, 0% used [0x00000000eaa80000,0x00000000eaa80000,0x00000000f2400000)
  from space 16384K, 62% used [0x00000000f2400000,0x00000000f2df6af0,0x00000000f3400000)
  to   space 26624K, 0% used [0x00000000fb780000,0x00000000fb780000,0x00000000fd180000)
 ParOldGen       total 85504K, used 41508K [0x00000000c0000000, 0x00000000c5380000, 0x00000000eaa80000)
  object space 85504K, 48% used [0x00000000c0000000,0x00000000c28893d8,0x00000000c5380000)
 PSPermGen       total 21504K, used 5952K [0x00000000bae00000, 0x00000000bc300000, 0x00000000c0000000)
  object space 21504K, 27% used [0x00000000bae00000,0x00000000bb3d03c0,0x00000000bc300000)
}
Event: 19.343 GC heap before
{Heap before GC invocations=9 (full 1):
 PSYoungGen      total 140800K, used 134618K [0x00000000eaa80000, 0x00000000fd180000, 0x0000000100000000)
  eden space 124416K, 100% used [0x00000000eaa80000,0x00000000f2400000,0x00000000f2400000)
  from space 16384K, 62% used [0x00000000f2400000,0x00000000f2df6af0,0x00000000f3400000)
  to   space 26624K, 0% used [0x00000000fb780000,0x00000000fb780000,0x00000000fd180000)
 ParOldGen       total 85504K, used 41508K [0x00000000c0000000, 0x00000000c5380000, 0x00000000eaa80000)
  object space 85504K, 48% used [0x00000000c0000000,0x00000000c28893d8,0x00000000c5380000)
 PSPermGen       total 21504K, used 5961K [0x00000000bae00000, 0x00000000bc300000, 0x00000000c0000000)
  object space 21504K, 27% used [0x00000000bae00000,0x00000000bb3d26c8,0x00000000bc300000)
Event: 19.506 GC heap after
Heap after GC invocations=9 (full 1):
 PSYoungGen      total 184320K, used 26607K [0x00000000eaa80000, 0x00000000fd180000, 0x0000000100000000)
  eden space 157696K, 0% used [0x00000000eaa80000,0x00000000eaa80000,0x00000000f4480000)
  from space 26624K, 99% used [0x00000000fb780000,0x00000000fd17bf10,0x00000000fd180000)
  to   space 32256K, 0% used [0x00000000f9280000,0x00000000f9280000,0x00000000fb200000)
 ParOldGen       total 85504K, used 43540K [0x00000000c0000000, 0x00000000c5380000, 0x00000000eaa80000)
  object space 85504K, 50% used [0x00000000c0000000,0x00000000c2a85060,0x00000000c5380000)
 PSPermGen       total 21504K, used 5961K [0x00000000bae00000, 0x00000000bc300000, 0x00000000c0000000)
  object space 21504K, 27% used [0x00000000bae00000,0x00000000bb3d26c8,0x00000000bc300000)
}
Event: 21.033 GC heap before
{Heap before GC invocations=10 (full 1):
 PSYoungGen      total 184320K, used 184303K [0x00000000eaa80000, 0x00000000fd180000, 0x0000000100000000)
  eden space 157696K, 100% used [0x00000000eaa80000,0x00000000f4480000,0x00000000f4480000)
  from space 26624K, 99% used [0x00000000fb780000,0x00000000fd17bf10,0x00000000fd180000)
  to   space 32256K, 0% used [0x00000000f9280000,0x00000000f9280000,0x00000000fb200000)
 ParOldGen       total 85504K, used 43540K [0x00000000c0000000, 0x00000000c5380000, 0x00000000eaa80000)
  object space 85504K, 50% used [0x00000000c0000000,0x00000000c2a85060,0x00000000c5380000)
 PSPermGen       total 21504K, used 5991K [0x00000000bae00000, 0x00000000bc300000, 0x00000000c0000000)
  object space 21504K, 27% used [0x00000000bae00000,0x00000000bb3d9d40,0x00000000bc300000)
Event: 21.288 GC heap after
Heap after GC invocations=10 (full 1):
 PSYoungGen      total 225280K, used 32252K [0x00000000eaa80000, 0x00000000fc000000, 0x0000000100000000)
  eden space 193024K, 0% used [0x00000000eaa80000,0x00000000eaa80000,0x00000000f6700000)
  from space 32256K, 99% used [0x00000000f9280000,0x00000000fb1ff1e8,0x00000000fb200000)
  to   space 14336K, 0% used [0x00000000fb200000,0x00000000fb200000,0x00000000fc000000)
 ParOldGen       total 85504K, used 63728K [0x00000000c0000000, 0x00000000c5380000, 0x00000000eaa80000)
  object space 85504K, 74% used [0x00000000c0000000,0x00000000c3e3c200,0x00000000c5380000)
 PSPermGen       total 21504K, used 5991K [0x00000000bae00000, 0x00000000bc300000, 0x00000000c0000000)
  object space 21504K, 27% used [0x00000000bae00000,0x00000000bb3d9d40,0x00000000bc300000)
}
Event: 23.304 GC heap before
{Heap before GC invocations=11 (full 1):
 PSYoungGen      total 225280K, used 225276K [0x00000000eaa80000, 0x00000000fc000000, 0x0000000100000000)
  eden space 193024K, 100% used [0x00000000eaa80000,0x00000000f6700000,0x00000000f6700000)
  from space 32256K, 99% used [0x00000000f9280000,0x00000000fb1ff1e8,0x00000000fb200000)
  to   space 14336K, 0% used [0x00000000fb200000,0x00000000fb200000,0x00000000fc000000)
 ParOldGen       total 85504K, used 63728K [0x00000000c0000000, 0x00000000c5380000, 0x00000000eaa80000)
  object space 85504K, 74% used [0x00000000c0000000,0x00000000c3e3c200,0x00000000c5380000)
 PSPermGen       total 21504K, used 6010K [0x00000000bae00000, 0x00000000bc300000, 0x00000000c0000000)
  object space 21504K, 27% used [0x00000000bae00000,0x00000000bb3de850,0x00000000bc300000)
Event: 23.680 GC heap after
Heap after GC invocations=11 (full 1):
 PSYoungGen      total 224256K, used 14305K [0x00000000eaa80000, 0x0000000100000000, 0x0000000100000000)
  eden space 209920K, 0% used [0x00000000eaa80000,0x00000000eaa80000,0x00000000f7780000)
  from space 14336K, 99% used [0x00000000fb200000,0x00000000fbff8700,0x00000000fc000000)
  to   space 59904K, 0% used [0x00000000f7780000,0x00000000f7780000,0x00000000fb200000)
 ParOldGen       total 113664K, used 113289K [0x00000000c0000000, 0x00000000c6f00000, 0x00000000eaa80000)
  object space 113664K, 99% used [0x00000000c0000000,0x00000000c6ea2538,0x00000000c6f00000)
 PSPermGen       total 21504K, used 6010K [0x00000000bae00000, 0x00000000bc300000, 0x00000000c0000000)
  object space 21504K, 27% used [0x00000000bae00000,0x00000000bb3de850,0x00000000bc300000)
}
Event: 23.680 GC heap before
{Heap before GC invocations=12 (full 2):
 PSYoungGen      total 224256K, used 14305K [0x00000000eaa80000, 0x0000000100000000, 0x0000000100000000)
  eden space 209920K, 0% used [0x00000000eaa80000,0x00000000eaa80000,0x00000000f7780000)
  from space 14336K, 99% used [0x00000000fb200000,0x00000000fbff8700,0x00000000fc000000)
  to   space 59904K, 0% used [0x00000000f7780000,0x00000000f7780000,0x00000000fb200000)
 ParOldGen       total 113664K, used 113289K [0x00000000c0000000, 0x00000000c6f00000, 0x00000000eaa80000)
  object space 113664K, 99% used [0x00000000c0000000,0x00000000c6ea2538,0x00000000c6f00000)
 PSPermGen       total 21504K, used 6010K [0x00000000bae00000, 0x00000000bc300000, 0x00000000c0000000)
  object space 21504K, 27% used [0x00000000bae00000,0x00000000bb3de850,0x00000000bc300000)
Event: 26.677 GC heap after
Heap after GC invocations=12 (full 2):
 PSYoungGen      total 224256K, used 10171K [0x00000000eaa80000, 0x0000000100000000, 0x0000000100000000)
  eden space 209920K, 0% used [0x00000000eaa80000,0x00000000eaa80000,0x00000000f7780000)
  from space 14336K, 70% used [0x00000000fb200000,0x00000000fbbeed78,0x00000000fc000000)
  to   space 59904K, 0% used [0x00000000f7780000,0x00000000f7780000,0x00000000fb200000)
 ParOldGen       total 113664K, used 113448K [0x00000000c0000000, 0x00000000c6f00000, 0x00000000eaa80000)
  object space 113664K, 99% used [0x00000000c0000000,0x00000000c6eca3e0,0x00000000c6f00000)
 PSPermGen       total 21504K, used 6009K [0x00000000bae00000, 0x00000000bc300000, 0x00000000c0000000)
  object space 21504K, 27% used [0x00000000bae00000,0x00000000bb3de570,0x00000000bc300000)
}

