# JRE version: Java(TM) SE Runtime Environment (7.0_67-b01) (build 1.7.0_67-b01)
# Java VM: Java HotSpot(TM) 64-Bit Server VM (24.65-b04 mixed mode windows-amd64 compressed oops)
Heap
 PSYoungGen      total 140288K, used 113877K [0x00000000eaa80000, 0x00000000fd080000, 0x0000000100000000)
  eden space 124416K, 91% used [0x00000000eaa80000,0x00000000f19b5790,0x00000000f2400000)
  from space 15872K, 0% used [0x00000000f2400000,0x00000000f2400000,0x00000000f3380000)
  to   space 26112K, 0% used [0x00000000fb700000,0x00000000fb700000,0x00000000fd080000)
 ParOldGen       total 41984K, used 41646K [0x00000000c0000000, 0x00000000c2900000, 0x00000000eaa80000)
  object space 41984K, 99% used [0x00000000c0000000,0x00000000c28ab980,0x00000000c2900000)
 PSPermGen       total 21504K, used 6007K [0x00000000bae00000, 0x00000000bc300000, 0x00000000c0000000)
  object space 21504K, 27% used [0x00000000bae00000,0x00000000bb3ddc30,0x00000000bc300000)
GC Heap History (10 events):
Event: 20.154 GC heap before
{Heap before GC invocations=9 (full 2):
 PSYoungGen      total 140288K, used 134617K [0x00000000eaa80000, 0x00000000fd080000, 0x0000000100000000)
  eden space 124416K, 100% used [0x00000000eaa80000,0x00000000f2400000,0x00000000f2400000)
  from space 15872K, 64% used [0x00000000f2400000,0x00000000f2df6768,0x00000000f3380000)
  to   space 26112K, 0% used [0x00000000fb700000,0x00000000fb700000,0x00000000fd080000)
 ParOldGen       total 41984K, used 41494K [0x00000000c0000000, 0x00000000c2900000, 0x00000000eaa80000)
  object space 41984K, 98% used [0x00000000c0000000,0x00000000c2885be8,0x00000000c2900000)
 PSPermGen       total 21504K, used 5964K [0x00000000bae00000, 0x00000000bc300000, 0x00000000c0000000)
  object space 21504K, 27% used [0x00000000bae00000,0x00000000bb3d3050,0x00000000bc300000)
Event: 21.573 GC heap after
Heap after GC invocations=9 (full 2):
 PSYoungGen      total 140288K, used 26943K [0x00000000eaa80000, 0x00000000fd080000, 0x0000000100000000)
  eden space 124416K, 21% used [0x00000000eaa80000,0x00000000ec4cfd50,0x00000000f2400000)
  from space 15872K, 0% used [0x00000000f2400000,0x00000000f2400000,0x00000000f3380000)
  to   space 26112K, 0% used [0x00000000fb700000,0x00000000fb700000,0x00000000fd080000)
 ParOldGen       total 41984K, used 41976K [0x00000000c0000000, 0x00000000c2900000, 0x00000000eaa80000)
  object space 41984K, 99% used [0x00000000c0000000,0x00000000c28fe3f8,0x00000000c2900000)
 PSPermGen       total 21504K, used 5963K [0x00000000bae00000, 0x00000000bc300000, 0x00000000c0000000)
  object space 21504K, 27% used [0x00000000bae00000,0x00000000bb3d2f50,0x00000000bc300000)
}
Event: 22.314 GC heap before
{Heap before GC invocations=10 (full 3):
 PSYoungGen      total 140288K, used 124416K [0x00000000eaa80000, 0x00000000fd080000, 0x0000000100000000)
  eden space 124416K, 100% used [0x00000000eaa80000,0x00000000f2400000,0x00000000f2400000)
  from space 15872K, 0% used [0x00000000f2400000,0x00000000f2400000,0x00000000f3380000)
  to   space 26112K, 0% used [0x00000000fb700000,0x00000000fb700000,0x00000000fd080000)
 ParOldGen       total 41984K, used 41976K [0x00000000c0000000, 0x00000000c2900000, 0x00000000eaa80000)
  object space 41984K, 99% used [0x00000000c0000000,0x00000000c28fe3f8,0x00000000c2900000)
 PSPermGen       total 21504K, used 5981K [0x00000000bae00000, 0x00000000bc300000, 0x00000000c0000000)
  object space 21504K, 27% used [0x00000000bae00000,0x00000000bb3d75e0,0x00000000bc300000)
Event: 23.748 GC heap after
Heap after GC invocations=10 (full 3):
 PSYoungGen      total 140288K, used 40977K [0x00000000eaa80000, 0x00000000fd080000, 0x0000000100000000)
  eden space 124416K, 32% used [0x00000000eaa80000,0x00000000ed284578,0x00000000f2400000)
  from space 15872K, 0% used [0x00000000f2400000,0x00000000f2400000,0x00000000f3380000)
  to   space 26112K, 0% used [0x00000000fb700000,0x00000000fb700000,0x00000000fd080000)
 ParOldGen       total 41984K, used 41646K [0x00000000c0000000, 0x00000000c2900000, 0x00000000eaa80000)
  object space 41984K, 99% used [0x00000000c0000000,0x00000000c28abbf8,0x00000000c2900000)
 PSPermGen       total 21504K, used 5981K [0x00000000bae00000, 0x00000000bc300000, 0x00000000c0000000)
  object space 21504K, 27% used [0x00000000bae00000,0x00000000bb3d7540,0x00000000bc300000)
}
Event: 24.501 GC heap before
{Heap before GC invocations=11 (full 4):
 PSYoungGen      total 140288K, used 124416K [0x00000000eaa80000, 0x00000000fd080000, 0x0000000100000000)
  eden space 124416K, 100% used [0x00000000eaa80000,0x00000000f2400000,0x00000000f2400000)
  from space 15872K, 0% used [0x00000000f2400000,0x00000000f2400000,0x00000000f3380000)
  to   space 26112K, 0% used [0x00000000fb700000,0x00000000fb700000,0x00000000fd080000)
 ParOldGen       total 41984K, used 41646K [0x00000000c0000000, 0x00000000c2900000, 0x00000000eaa80000)
  object space 41984K, 99% used [0x00000000c0000000,0x00000000c28abbf8,0x00000000c2900000)
 PSPermGen       total 21504K, used 5990K [0x00000000bae00000, 0x00000000bc300000, 0x00000000c0000000)
  object space 21504K, 27% used [0x00000000bae00000,0x00000000bb3d9ab0,0x00000000bc300000)
Event: 26.886 GC heap after
Heap after GC invocations=11 (full 4):
 PSYoungGen      total 140288K, used 54567K [0x00000000eaa80000, 0x00000000fd080000, 0x0000000100000000)
  eden space 124416K, 43% used [0x00000000eaa80000,0x00000000edfc9d28,0x00000000f2400000)
  from space 15872K, 0% used [0x00000000f2400000,0x00000000f2400000,0x00000000f3380000)
  to   space 26112K, 0% used [0x00000000fb700000,0x00000000fb700000,0x00000000fd080000)
 ParOldGen       total 41984K, used 41646K [0x00000000c0000000, 0x00000000c2900000, 0x00000000eaa80000)
  object space 41984K, 99% used [0x00000000c0000000,0x00000000c28ab980,0x00000000c2900000)
 PSPermGen       total 21504K, used 5990K [0x00000000bae00000, 0x00000000bc300000, 0x00000000c0000000)
  object space 21504K, 27% used [0x00000000bae00000,0x00000000bb3d9a90,0x00000000bc300000)
}
Event: 27.608 GC heap before
{Heap before GC invocations=12 (full 5):
 PSYoungGen      total 140288K, used 124416K [0x00000000eaa80000, 0x00000000fd080000, 0x0000000100000000)
  eden space 124416K, 100% used [0x00000000eaa80000,0x00000000f2400000,0x00000000f2400000)
  from space 15872K, 0% used [0x00000000f2400000,0x00000000f2400000,0x00000000f3380000)
  to   space 26112K, 0% used [0x00000000fb700000,0x00000000fb700000,0x00000000fd080000)
 ParOldGen       total 41984K, used 41646K [0x00000000c0000000, 0x00000000c2900000, 0x00000000eaa80000)
  object space 41984K, 99% used [0x00000000c0000000,0x00000000c28ab980,0x00000000c2900000)
 PSPermGen       total 21504K, used 6000K [0x00000000bae00000, 0x00000000bc300000, 0x00000000c0000000)
  object space 21504K, 27% used [0x00000000bae00000,0x00000000bb3dc388,0x00000000bc300000)
Event: 28.969 GC heap after
Heap after GC invocations=12 (full 5):
 PSYoungGen      total 140288K, used 64867K [0x00000000eaa80000, 0x00000000fd080000, 0x0000000100000000)
  eden space 124416K, 52% used [0x00000000eaa80000,0x00000000ee9d8dd8,0x00000000f2400000)
  from space 15872K, 0% used [0x00000000f2400000,0x00000000f2400000,0x00000000f3380000)
  to   space 26112K, 0% used [0x00000000fb700000,0x00000000fb700000,0x00000000fd080000)
 ParOldGen       total 41984K, used 41646K [0x00000000c0000000, 0x00000000c2900000, 0x00000000eaa80000)
  object space 41984K, 99% used [0x00000000c0000000,0x00000000c28ab980,0x00000000c2900000)
 PSPermGen       total 21504K, used 6000K [0x00000000bae00000, 0x00000000bc300000, 0x00000000c0000000)
  object space 21504K, 27% used [0x00000000bae00000,0x00000000bb3dc308,0x00000000bc300000)
}
Event: 29.406 GC heap before
{Heap before GC invocations=13 (full 6):
 PSYoungGen      total 140288K, used 124416K [0x00000000eaa80000, 0x00000000fd080000, 0x0000000100000000)
  eden space 124416K, 100% used [0x00000000eaa80000,0x00000000f2400000,0x00000000f2400000)
  from space 15872K, 0% used [0x00000000f2400000,0x00000000f2400000,0x00000000f3380000)
  to   space 26112K, 0% used [0x00000000fb700000,0x00000000fb700000,0x00000000fd080000)
 ParOldGen       total 41984K, used 41646K [0x00000000c0000000, 0x00000000c2900000, 0x00000000eaa80000)
  object space 41984K, 99% used [0x00000000c0000000,0x00000000c28ab980,0x00000000c2900000)
 PSPermGen       total 21504K, used 6004K [0x00000000bae00000, 0x00000000bc300000, 0x00000000c0000000)
  object space 21504K, 27% used [0x00000000bae00000,0x00000000bb3dd2f0,0x00000000bc300000)
Event: 30.908 GC heap after
Heap after GC invocations=13 (full 6):
 PSYoungGen      total 140288K, used 74009K [0x00000000eaa80000, 0x00000000fd080000, 0x0000000100000000)
  eden space 124416K, 59% used [0x00000000eaa80000,0x00000000ef2c66b8,0x00000000f2400000)
  from space 15872K, 0% used [0x00000000f2400000,0x00000000f2400000,0x00000000f3380000)
  to   space 26112K, 0% used [0x00000000fb700000,0x00000000fb700000,0x00000000fd080000)
 ParOldGen       total 41984K, used 41646K [0x00000000c0000000, 0x00000000c2900000, 0x00000000eaa80000)
  object space 41984K, 99% used [0x00000000c0000000,0x00000000c28ab980,0x00000000c2900000)
 PSPermGen       total 21504K, used 6004K [0x00000000bae00000, 0x00000000bc300000, 0x00000000c0000000)
  object space 21504K, 27% used [0x00000000bae00000,0x00000000bb3dd250,0x00000000bc300000)
}

