# JRE version: Java(TM) SE Runtime Environment (7.0_67-b01) (build 1.7.0_67-b01)
# Java VM: Java HotSpot(TM) 64-Bit Server VM (24.65-b04 mixed mode windows-amd64 compressed oops)
Heap
 PSYoungGen      total 229888K, used 53609K [0x00000000eaa80000, 0x00000000fc500000, 0x0000000100000000)
  eden space 198144K, 27% used [0x00000000eaa80000,0x00000000ededa420,0x00000000f6c00000)
  from space 31744K, 0% used [0x00000000f9380000,0x00000000f9380000,0x00000000fb280000)
  to   space 18944K, 77% used [0x00000000fb280000,0x00000000fc0d3cf8,0x00000000fc500000)
 ParOldGen       total 110080K, used 109632K [0x00000000c0000000, 0x00000000c6b80000, 0x00000000eaa80000)
  object space 110080K, 99% used [0x00000000c0000000,0x00000000c6b10228,0x00000000c6b80000)
 PSPermGen       total 21504K, used 6014K [0x00000000bae00000, 0x00000000bc300000, 0x00000000c0000000)
  object space 21504K, 27% used [0x00000000bae00000,0x00000000bb3dfb10,0x00000000bc300000)
GC Heap History (10 events):
Event: 15.727 GC heap before
{Heap before GC invocations=8 (full 1):
 PSYoungGen      total 140288K, used 15847K [0x00000000eaa80000, 0x00000000fd180000, 0x0000000100000000)
  eden space 124416K, 0% used [0x00000000eaa80000,0x00000000eaa80000,0x00000000f2400000)
  from space 15872K, 99% used [0x00000000f2400000,0x00000000f3379d58,0x00000000f3380000)
  to   space 26624K, 0% used [0x00000000fb780000,0x00000000fb780000,0x00000000fd180000)
 ParOldGen       total 43520K, used 43188K [0x00000000c0000000, 0x00000000c2a80000, 0x00000000eaa80000)
  object space 43520K, 99% used [0x00000000c0000000,0x00000000c2a2d058,0x00000000c2a80000)
 PSPermGen       total 21504K, used 5959K [0x00000000bae00000, 0x00000000bc300000, 0x00000000c0000000)
  object space 21504K, 27% used [0x00000000bae00000,0x00000000bb3d1ef8,0x00000000bc300000)
Event: 17.715 GC heap after
Heap after GC invocations=8 (full 1):
 PSYoungGen      total 140288K, used 9170K [0x00000000eaa80000, 0x00000000fd180000, 0x0000000100000000)
  eden space 124416K, 0% used [0x00000000eaa80000,0x00000000eaa80000,0x00000000f2400000)
  from space 15872K, 57% used [0x00000000f2400000,0x00000000f2cf4848,0x00000000f3380000)
  to   space 26624K, 0% used [0x00000000fb780000,0x00000000fb780000,0x00000000fd180000)
 ParOldGen       total 87040K, used 43201K [0x00000000c0000000, 0x00000000c5500000, 0x00000000eaa80000)
  object space 87040K, 49% used [0x00000000c0000000,0x00000000c2a307c8,0x00000000c5500000)
 PSPermGen       total 21504K, used 5954K [0x00000000bae00000, 0x00000000bc300000, 0x00000000c0000000)
  object space 21504K, 27% used [0x00000000bae00000,0x00000000bb3d0878,0x00000000bc300000)
}
Event: 18.879 GC heap before
{Heap before GC invocations=9 (full 1):
 PSYoungGen      total 140288K, used 133586K [0x00000000eaa80000, 0x00000000fd180000, 0x0000000100000000)
  eden space 124416K, 100% used [0x00000000eaa80000,0x00000000f2400000,0x00000000f2400000)
  from space 15872K, 57% used [0x00000000f2400000,0x00000000f2cf4848,0x00000000f3380000)
  to   space 26624K, 0% used [0x00000000fb780000,0x00000000fb780000,0x00000000fd180000)
 ParOldGen       total 87040K, used 43201K [0x00000000c0000000, 0x00000000c5500000, 0x00000000eaa80000)
  object space 87040K, 49% used [0x00000000c0000000,0x00000000c2a307c8,0x00000000c5500000)
 PSPermGen       total 21504K, used 5963K [0x00000000bae00000, 0x00000000bc300000, 0x00000000c0000000)
  object space 21504K, 27% used [0x00000000bae00000,0x00000000bb3d2c18,0x00000000bc300000)
Event: 19.071 GC heap after
Heap after GC invocations=9 (full 1):
 PSYoungGen      total 186880K, used 26609K [0x00000000eaa80000, 0x00000000fd180000, 0x0000000100000000)
  eden space 160256K, 0% used [0x00000000eaa80000,0x00000000eaa80000,0x00000000f4700000)
  from space 26624K, 99% used [0x00000000fb780000,0x00000000fd17c608,0x00000000fd180000)
  to   space 31744K, 0% used [0x00000000f9380000,0x00000000f9380000,0x00000000fb280000)
 ParOldGen       total 87040K, used 44199K [0x00000000c0000000, 0x00000000c5500000, 0x00000000eaa80000)
  object space 87040K, 50% used [0x00000000c0000000,0x00000000c2b29d50,0x00000000c5500000)
 PSPermGen       total 21504K, used 5963K [0x00000000bae00000, 0x00000000bc300000, 0x00000000c0000000)
  object space 21504K, 27% used [0x00000000bae00000,0x00000000bb3d2c18,0x00000000bc300000)
}
Event: 20.328 GC heap before
{Heap before GC invocations=10 (full 1):
 PSYoungGen      total 186880K, used 186865K [0x00000000eaa80000, 0x00000000fd180000, 0x0000000100000000)
  eden space 160256K, 100% used [0x00000000eaa80000,0x00000000f4700000,0x00000000f4700000)
  from space 26624K, 99% used [0x00000000fb780000,0x00000000fd17c608,0x00000000fd180000)
  to   space 31744K, 0% used [0x00000000f9380000,0x00000000f9380000,0x00000000fb280000)
 ParOldGen       total 87040K, used 44199K [0x00000000c0000000, 0x00000000c5500000, 0x00000000eaa80000)
  object space 87040K, 50% used [0x00000000c0000000,0x00000000c2b29d50,0x00000000c5500000)
 PSPermGen       total 21504K, used 5989K [0x00000000bae00000, 0x00000000bc300000, 0x00000000c0000000)
  object space 21504K, 27% used [0x00000000bae00000,0x00000000bb3d95c0,0x00000000bc300000)
Event: 20.557 GC heap after
Heap after GC invocations=10 (full 1):
 PSYoungGen      total 229888K, used 31722K [0x00000000eaa80000, 0x00000000fc500000, 0x0000000100000000)
  eden space 198144K, 0% used [0x00000000eaa80000,0x00000000eaa80000,0x00000000f6c00000)
  from space 31744K, 99% used [0x00000000f9380000,0x00000000fb27aa30,0x00000000fb280000)
  to   space 18944K, 0% used [0x00000000fb280000,0x00000000fb280000,0x00000000fc500000)
 ParOldGen       total 87040K, used 65112K [0x00000000c0000000, 0x00000000c5500000, 0x00000000eaa80000)
  object space 87040K, 74% used [0x00000000c0000000,0x00000000c3f963b8,0x00000000c5500000)
 PSPermGen       total 21504K, used 5989K [0x00000000bae00000, 0x00000000bc300000, 0x00000000c0000000)
  object space 21504K, 27% used [0x00000000bae00000,0x00000000bb3d95c0,0x00000000bc300000)
}
Event: 22.795 GC heap before
{Heap before GC invocations=11 (full 1):
 PSYoungGen      total 229888K, used 229866K [0x00000000eaa80000, 0x00000000fc500000, 0x0000000100000000)
  eden space 198144K, 100% used [0x00000000eaa80000,0x00000000f6c00000,0x00000000f6c00000)
  from space 31744K, 99% used [0x00000000f9380000,0x00000000fb27aa30,0x00000000fb280000)
  to   space 18944K, 0% used [0x00000000fb280000,0x00000000fb280000,0x00000000fc500000)
 ParOldGen       total 87040K, used 65112K [0x00000000c0000000, 0x00000000c5500000, 0x00000000eaa80000)
  object space 87040K, 74% used [0x00000000c0000000,0x00000000c3f963b8,0x00000000c5500000)
 PSPermGen       total 21504K, used 6009K [0x00000000bae00000, 0x00000000bc300000, 0x00000000c0000000)
  object space 21504K, 27% used [0x00000000bae00000,0x00000000bb3de498,0x00000000bc300000)
Event: 23.424 GC heap after
Heap after GC invocations=11 (full 1):
 PSYoungGen      total 229888K, used 229866K [0x00000000eaa80000, 0x00000000fc500000, 0x0000000100000000)
  eden space 198144K, 100% used [0x00000000eaa80000,0x00000000f6c00000,0x00000000f6c00000)
  from space 31744K, 99% used [0x00000000f9380000,0x00000000fb27aa30,0x00000000fb280000)
  to   space 18944K, 99% used [0x00000000fb280000,0x00000000fc4f9998,0x00000000fc500000)
 ParOldGen       total 110080K, used 110075K [0x00000000c0000000, 0x00000000c6b80000, 0x00000000eaa80000)
  object space 110080K, 99% used [0x00000000c0000000,0x00000000c6b7ef58,0x00000000c6b80000)
 PSPermGen       total 21504K, used 6009K [0x00000000bae00000, 0x00000000bc300000, 0x00000000c0000000)
  object space 21504K, 27% used [0x00000000bae00000,0x00000000bb3de498,0x00000000bc300000)
}
Event: 23.424 GC heap before
{Heap before GC invocations=12 (full 2):
 PSYoungGen      total 229888K, used 229866K [0x00000000eaa80000, 0x00000000fc500000, 0x0000000100000000)
  eden space 198144K, 100% used [0x00000000eaa80000,0x00000000f6c00000,0x00000000f6c00000)
  from space 31744K, 99% used [0x00000000f9380000,0x00000000fb27aa30,0x00000000fb280000)
  to   space 18944K, 99% used [0x00000000fb280000,0x00000000fc4f9998,0x00000000fc500000)
 ParOldGen       total 110080K, used 110075K [0x00000000c0000000, 0x00000000c6b80000, 0x00000000eaa80000)
  object space 110080K, 99% used [0x00000000c0000000,0x00000000c6b7ef58,0x00000000c6b80000)
 PSPermGen       total 21504K, used 6009K [0x00000000bae00000, 0x00000000bc300000, 0x00000000c0000000)
  object space 21504K, 27% used [0x00000000bae00000,0x00000000bb3de498,0x00000000bc300000)
Event: 26.292 GC heap after
Heap after GC invocations=12 (full 2):
 PSYoungGen      total 229888K, used 0K [0x00000000eaa80000, 0x00000000fc500000, 0x0000000100000000)
  eden space 198144K, 0% used [0x00000000eaa80000,0x00000000eaa80000,0x00000000f6c00000)
  from space 31744K, 0% used [0x00000000f9380000,0x00000000f9380000,0x00000000fb280000)
  to   space 18944K, 77% used [0x00000000fb280000,0x00000000fc0d3cf8,0x00000000fc500000)
 ParOldGen       total 110080K, used 109632K [0x00000000c0000000, 0x00000000c6b80000, 0x00000000eaa80000)
  object space 110080K, 99% used [0x00000000c0000000,0x00000000c6b10228,0x00000000c6b80000)
 PSPermGen       total 21504K, used 6008K [0x00000000bae00000, 0x00000000bc300000, 0x00000000c0000000)
  object space 21504K, 27% used [0x00000000bae00000,0x00000000bb3de158,0x00000000bc300000)
}

