# JRE version: Java(TM) SE Runtime Environment (7.0_67-b01) (build 1.7.0_67-b01)
# Java VM: Java HotSpot(TM) 64-Bit Server VM (24.65-b04 mixed mode windows-amd64 compressed oops)
Heap
 PSYoungGen      total 144384K, used 117509K [0x00000000eaa80000, 0x00000000f7280000, 0x0000000100000000)
  eden space 108544K, 93% used [0x00000000eaa80000,0x00000000f0d6c448,0x00000000f1480000)
  from space 35840K, 45% used [0x00000000f4f80000,0x00000000f5f55140,0x00000000f7280000)
  to   space 31744K, 0% used [0x00000000f1480000,0x00000000f1480000,0x00000000f3380000)
 ParOldGen       total 86016K, used 85580K [0x00000000c0000000, 0x00000000c5400000, 0x00000000eaa80000)
  object space 86016K, 99% used [0x00000000c0000000,0x00000000c53930e8,0x00000000c5400000)
 PSPermGen       total 21504K, used 6006K [0x00000000bae00000, 0x00000000bc300000, 0x00000000c0000000)
  object space 21504K, 27% used [0x00000000bae00000,0x00000000bb3dd9e0,0x00000000bc300000)
GC Heap History (10 events):
Event: 15.915 GC heap before
{Heap before GC invocations=8 (full 1):
 PSYoungGen      total 140288K, used 15840K [0x00000000eaa80000, 0x00000000f4580000, 0x0000000100000000)
  eden space 124416K, 0% used [0x00000000eaa80000,0x00000000eaa80000,0x00000000f2400000)
  from space 15872K, 99% used [0x00000000f2400000,0x00000000f3378138,0x00000000f3380000)
  to   space 13312K, 0% used [0x00000000f3380000,0x00000000f3380000,0x00000000f4080000)
 ParOldGen       total 42496K, used 42472K [0x00000000c0000000, 0x00000000c2980000, 0x00000000eaa80000)
  object space 42496K, 99% used [0x00000000c0000000,0x00000000c297a338,0x00000000c2980000)
 PSPermGen       total 21504K, used 5961K [0x00000000bae00000, 0x00000000bc300000, 0x00000000c0000000)
  object space 21504K, 27% used [0x00000000bae00000,0x00000000bb3d2498,0x00000000bc300000)
Event: 18.190 GC heap after
Heap after GC invocations=8 (full 1):
 PSYoungGen      total 140288K, used 9606K [0x00000000eaa80000, 0x00000000f4580000, 0x0000000100000000)
  eden space 124416K, 0% used [0x00000000eaa80000,0x00000000eaa80000,0x00000000f2400000)
  from space 15872K, 60% used [0x00000000f2400000,0x00000000f2d61af0,0x00000000f3380000)
  to   space 13312K, 0% used [0x00000000f3380000,0x00000000f3380000,0x00000000f4080000)
 ParOldGen       total 86016K, used 42208K [0x00000000c0000000, 0x00000000c5400000, 0x00000000eaa80000)
  object space 86016K, 49% used [0x00000000c0000000,0x00000000c2938230,0x00000000c5400000)
 PSPermGen       total 21504K, used 5955K [0x00000000bae00000, 0x00000000bc300000, 0x00000000c0000000)
  object space 21504K, 27% used [0x00000000bae00000,0x00000000bb3d0ef8,0x00000000bc300000)
}
Event: 20.324 GC heap before
{Heap before GC invocations=9 (full 1):
 PSYoungGen      total 140288K, used 134022K [0x00000000eaa80000, 0x00000000f4580000, 0x0000000100000000)
  eden space 124416K, 100% used [0x00000000eaa80000,0x00000000f2400000,0x00000000f2400000)
  from space 15872K, 60% used [0x00000000f2400000,0x00000000f2d61af0,0x00000000f3380000)
  to   space 13312K, 0% used [0x00000000f3380000,0x00000000f3380000,0x00000000f4080000)
 ParOldGen       total 86016K, used 42208K [0x00000000c0000000, 0x00000000c5400000, 0x00000000eaa80000)
  object space 86016K, 49% used [0x00000000c0000000,0x00000000c2938230,0x00000000c5400000)
 PSPermGen       total 21504K, used 5966K [0x00000000bae00000, 0x00000000bc300000, 0x00000000c0000000)
  object space 21504K, 27% used [0x00000000bae00000,0x00000000bb3d3be0,0x00000000bc300000)
Event: 20.535 GC heap after
Heap after GC invocations=9 (full 1):
 PSYoungGen      total 121856K, used 13291K [0x00000000eaa80000, 0x00000000f8200000, 0x0000000100000000)
  eden space 108544K, 0% used [0x00000000eaa80000,0x00000000eaa80000,0x00000000f1480000)
  from space 13312K, 99% used [0x00000000f3380000,0x00000000f407aeb8,0x00000000f4080000)
  to   space 31744K, 0% used [0x00000000f1480000,0x00000000f1480000,0x00000000f3380000)
 ParOldGen       total 86016K, used 56573K [0x00000000c0000000, 0x00000000c5400000, 0x00000000eaa80000)
  object space 86016K, 65% used [0x00000000c0000000,0x00000000c373f7d0,0x00000000c5400000)
 PSPermGen       total 21504K, used 5966K [0x00000000bae00000, 0x00000000bc300000, 0x00000000c0000000)
  object space 21504K, 27% used [0x00000000bae00000,0x00000000bb3d3be0,0x00000000bc300000)
}
Event: 21.369 GC heap before
{Heap before GC invocations=10 (full 1):
 PSYoungGen      total 121856K, used 121835K [0x00000000eaa80000, 0x00000000f8200000, 0x0000000100000000)
  eden space 108544K, 100% used [0x00000000eaa80000,0x00000000f1480000,0x00000000f1480000)
  from space 13312K, 99% used [0x00000000f3380000,0x00000000f407aeb8,0x00000000f4080000)
  to   space 31744K, 0% used [0x00000000f1480000,0x00000000f1480000,0x00000000f3380000)
 ParOldGen       total 86016K, used 56573K [0x00000000c0000000, 0x00000000c5400000, 0x00000000eaa80000)
  object space 86016K, 65% used [0x00000000c0000000,0x00000000c373f7d0,0x00000000c5400000)
 PSPermGen       total 21504K, used 5983K [0x00000000bae00000, 0x00000000bc300000, 0x00000000c0000000)
  object space 21504K, 27% used [0x00000000bae00000,0x00000000bb3d7df0,0x00000000bc300000)
Event: 21.528 GC heap after
Heap after GC invocations=10 (full 1):
 PSYoungGen      total 140288K, used 28665K [0x00000000eaa80000, 0x00000000f7280000, 0x0000000100000000)
  eden space 108544K, 0% used [0x00000000eaa80000,0x00000000eaa80000,0x00000000f1480000)
  from space 31744K, 90% used [0x00000000f1480000,0x00000000f307e6d8,0x00000000f3380000)
  to   space 35840K, 0% used [0x00000000f4f80000,0x00000000f4f80000,0x00000000f7280000)
 ParOldGen       total 86016K, used 59635K [0x00000000c0000000, 0x00000000c5400000, 0x00000000eaa80000)
  object space 86016K, 69% used [0x00000000c0000000,0x00000000c3a3ccd8,0x00000000c5400000)
 PSPermGen       total 21504K, used 5983K [0x00000000bae00000, 0x00000000bc300000, 0x00000000c0000000)
  object space 21504K, 27% used [0x00000000bae00000,0x00000000bb3d7df0,0x00000000bc300000)
}
Event: 22.444 GC heap before
{Heap before GC invocations=11 (full 1):
 PSYoungGen      total 140288K, used 137209K [0x00000000eaa80000, 0x00000000f7280000, 0x0000000100000000)
  eden space 108544K, 100% used [0x00000000eaa80000,0x00000000f1480000,0x00000000f1480000)
  from space 31744K, 90% used [0x00000000f1480000,0x00000000f307e6d8,0x00000000f3380000)
  to   space 35840K, 0% used [0x00000000f4f80000,0x00000000f4f80000,0x00000000f7280000)
 ParOldGen       total 86016K, used 59635K [0x00000000c0000000, 0x00000000c5400000, 0x00000000eaa80000)
  object space 86016K, 69% used [0x00000000c0000000,0x00000000c3a3ccd8,0x00000000c5400000)
 PSPermGen       total 21504K, used 5999K [0x00000000bae00000, 0x00000000bc300000, 0x00000000c0000000)
  object space 21504K, 27% used [0x00000000bae00000,0x00000000bb3dbd88,0x00000000bc300000)
Event: 22.688 GC heap after
Heap after GC invocations=11 (full 1):
 PSYoungGen      total 144384K, used 35834K [0x00000000eaa80000, 0x00000000f7280000, 0x0000000100000000)
  eden space 108544K, 0% used [0x00000000eaa80000,0x00000000eaa80000,0x00000000f1480000)
  from space 35840K, 99% used [0x00000000f4f80000,0x00000000f727e9f0,0x00000000f7280000)
  to   space 31744K, 0% used [0x00000000f1480000,0x00000000f1480000,0x00000000f3380000)
 ParOldGen       total 86016K, used 69251K [0x00000000c0000000, 0x00000000c5400000, 0x00000000eaa80000)
  object space 86016K, 80% used [0x00000000c0000000,0x00000000c43a0f98,0x00000000c5400000)
 PSPermGen       total 21504K, used 5999K [0x00000000bae00000, 0x00000000bc300000, 0x00000000c0000000)
  object space 21504K, 27% used [0x00000000bae00000,0x00000000bb3dbd88,0x00000000bc300000)
}
Event: 22.688 GC heap before
{Heap before GC invocations=12 (full 2):
 PSYoungGen      total 144384K, used 35834K [0x00000000eaa80000, 0x00000000f7280000, 0x0000000100000000)
  eden space 108544K, 0% used [0x00000000eaa80000,0x00000000eaa80000,0x00000000f1480000)
  from space 35840K, 99% used [0x00000000f4f80000,0x00000000f727e9f0,0x00000000f7280000)
  to   space 31744K, 0% used [0x00000000f1480000,0x00000000f1480000,0x00000000f3380000)
 ParOldGen       total 86016K, used 69251K [0x00000000c0000000, 0x00000000c5400000, 0x00000000eaa80000)
  object space 86016K, 80% used [0x00000000c0000000,0x00000000c43a0f98,0x00000000c5400000)
 PSPermGen       total 21504K, used 5999K [0x00000000bae00000, 0x00000000bc300000, 0x00000000c0000000)
  object space 21504K, 27% used [0x00000000bae00000,0x00000000bb3dbd88,0x00000000bc300000)
Event: 25.618 GC heap after
Heap after GC invocations=12 (full 2):
 PSYoungGen      total 144384K, used 16212K [0x00000000eaa80000, 0x00000000f7280000, 0x0000000100000000)
  eden space 108544K, 0% used [0x00000000eaa80000,0x00000000eaa80000,0x00000000f1480000)
  from space 35840K, 45% used [0x00000000f4f80000,0x00000000f5f55140,0x00000000f7280000)
  to   space 31744K, 0% used [0x00000000f1480000,0x00000000f1480000,0x00000000f3380000)
 ParOldGen       total 86016K, used 85580K [0x00000000c0000000, 0x00000000c5400000, 0x00000000eaa80000)
  object space 86016K, 99% used [0x00000000c0000000,0x00000000c53930e8,0x00000000c5400000)
 PSPermGen       total 21504K, used 5998K [0x00000000bae00000, 0x00000000bc300000, 0x00000000c0000000)
  object space 21504K, 27% used [0x00000000bae00000,0x00000000bb3dbb28,0x00000000bc300000)
}

