# JRE version: Java(TM) SE Runtime Environment (7.0_67-b01) (build 1.7.0_67-b01)
# Java VM: Java HotSpot(TM) 64-Bit Server VM (24.65-b04 mixed mode windows-amd64 compressed oops)
Heap
 PSYoungGen      total 209920K, used 15329K [0x00000000eaa80000, 0x00000000fc080000, 0x0000000100000000)
  eden space 194560K, 0% used [0x00000000eaa80000,0x00000000eaa80000,0x00000000f6880000)
  from space 15360K, 99% used [0x00000000fb180000,0x00000000fc078700,0x00000000fc080000)
  to   space 31744K, 0% used [0x00000000f9280000,0x00000000f9280000,0x00000000fb180000)
 ParOldGen       total 113152K, used 112780K [0x00000000c0000000, 0x00000000c6e80000, 0x00000000eaa80000)
  object space 113152K, 99% used [0x00000000c0000000,0x00000000c6e233b8,0x00000000c6e80000)
 PSPermGen       total 21504K, used 6011K [0x00000000bae00000, 0x00000000bc300000, 0x00000000c0000000)
  object space 21504K, 27% used [0x00000000bae00000,0x00000000bb3dee00,0x00000000bc300000)
GC Heap History (10 events):
Event: 16.473 GC heap after
Heap after GC invocations=7 (full 0):
 PSYoungGen      total 139776K, used 15333K [0x00000000eaa80000, 0x00000000fd080000, 0x0000000100000000)
  eden space 124416K, 0% used [0x00000000eaa80000,0x00000000eaa80000,0x00000000f2400000)
  from space 15360K, 99% used [0x00000000f2400000,0x00000000f32f9488,0x00000000f3300000)
  to   space 26112K, 0% used [0x00000000fb700000,0x00000000fb700000,0x00000000fd080000)
 ParOldGen       total 41984K, used 41961K [0x00000000c0000000, 0x00000000c2900000, 0x00000000eaa80000)
  object space 41984K, 99% used [0x00000000c0000000,0x00000000c28fa7b8,0x00000000c2900000)
 PSPermGen       total 21504K, used 5955K [0x00000000bae00000, 0x00000000bc300000, 0x00000000c0000000)
  object space 21504K, 27% used [0x00000000bae00000,0x00000000bb3d0d98,0x00000000bc300000)
}
Event: 16.473 GC heap before
{Heap before GC invocations=8 (full 1):
 PSYoungGen      total 139776K, used 15333K [0x00000000eaa80000, 0x00000000fd080000, 0x0000000100000000)
  eden space 124416K, 0% used [0x00000000eaa80000,0x00000000eaa80000,0x00000000f2400000)
  from space 15360K, 99% used [0x00000000f2400000,0x00000000f32f9488,0x00000000f3300000)
  to   space 26112K, 0% used [0x00000000fb700000,0x00000000fb700000,0x00000000fd080000)
 ParOldGen       total 41984K, used 41961K [0x00000000c0000000, 0x00000000c2900000, 0x00000000eaa80000)
  object space 41984K, 99% used [0x00000000c0000000,0x00000000c28fa7b8,0x00000000c2900000)
 PSPermGen       total 21504K, used 5955K [0x00000000bae00000, 0x00000000bc300000, 0x00000000c0000000)
  object space 21504K, 27% used [0x00000000bae00000,0x00000000bb3d0d98,0x00000000bc300000)
Event: 19.501 GC heap after
Heap after GC invocations=8 (full 1):
 PSYoungGen      total 139776K, used 10192K [0x00000000eaa80000, 0x00000000fd080000, 0x0000000100000000)
  eden space 124416K, 0% used [0x00000000eaa80000,0x00000000eaa80000,0x00000000f2400000)
  from space 15360K, 66% used [0x00000000f2400000,0x00000000f2df4140,0x00000000f3300000)
  to   space 26112K, 0% used [0x00000000fb700000,0x00000000fb700000,0x00000000fd080000)
 ParOldGen       total 83968K, used 41497K [0x00000000c0000000, 0x00000000c5200000, 0x00000000eaa80000)
  object space 83968K, 49% used [0x00000000c0000000,0x00000000c2886578,0x00000000c5200000)
 PSPermGen       total 21504K, used 5949K [0x00000000bae00000, 0x00000000bc300000, 0x00000000c0000000)
  object space 21504K, 27% used [0x00000000bae00000,0x00000000bb3cf798,0x00000000bc300000)
}
Event: 21.189 GC heap before
{Heap before GC invocations=9 (full 1):
 PSYoungGen      total 139776K, used 134608K [0x00000000eaa80000, 0x00000000fd080000, 0x0000000100000000)
  eden space 124416K, 100% used [0x00000000eaa80000,0x00000000f2400000,0x00000000f2400000)
  from space 15360K, 66% used [0x00000000f2400000,0x00000000f2df4140,0x00000000f3300000)
  to   space 26112K, 0% used [0x00000000fb700000,0x00000000fb700000,0x00000000fd080000)
 ParOldGen       total 83968K, used 41497K [0x00000000c0000000, 0x00000000c5200000, 0x00000000eaa80000)
  object space 83968K, 49% used [0x00000000c0000000,0x00000000c2886578,0x00000000c5200000)
 PSPermGen       total 21504K, used 5966K [0x00000000bae00000, 0x00000000bc300000, 0x00000000c0000000)
  object space 21504K, 27% used [0x00000000bae00000,0x00000000bb3d3990,0x00000000bc300000)
Event: 21.439 GC heap after
Heap after GC invocations=9 (full 1):
 PSYoungGen      total 185344K, used 26089K [0x00000000eaa80000, 0x00000000fd080000, 0x0000000100000000)
  eden space 159232K, 0% used [0x00000000eaa80000,0x00000000eaa80000,0x00000000f4600000)
  from space 26112K, 99% used [0x00000000fb700000,0x00000000fd07a588,0x00000000fd080000)
  to   space 31744K, 0% used [0x00000000f9280000,0x00000000f9280000,0x00000000fb180000)
 ParOldGen       total 83968K, used 44007K [0x00000000c0000000, 0x00000000c5200000, 0x00000000eaa80000)
  object space 83968K, 52% used [0x00000000c0000000,0x00000000c2af9ed0,0x00000000c5200000)
 PSPermGen       total 21504K, used 5966K [0x00000000bae00000, 0x00000000bc300000, 0x00000000c0000000)
  object space 21504K, 27% used [0x00000000bae00000,0x00000000bb3d3990,0x00000000bc300000)
}
Event: 23.101 GC heap before
{Heap before GC invocations=10 (full 1):
 PSYoungGen      total 185344K, used 185321K [0x00000000eaa80000, 0x00000000fd080000, 0x0000000100000000)
  eden space 159232K, 100% used [0x00000000eaa80000,0x00000000f4600000,0x00000000f4600000)
  from space 26112K, 99% used [0x00000000fb700000,0x00000000fd07a588,0x00000000fd080000)
  to   space 31744K, 0% used [0x00000000f9280000,0x00000000f9280000,0x00000000fb180000)
 ParOldGen       total 83968K, used 44007K [0x00000000c0000000, 0x00000000c5200000, 0x00000000eaa80000)
  object space 83968K, 52% used [0x00000000c0000000,0x00000000c2af9ed0,0x00000000c5200000)
 PSPermGen       total 21504K, used 5991K [0x00000000bae00000, 0x00000000bc300000, 0x00000000c0000000)
  object space 21504K, 27% used [0x00000000bae00000,0x00000000bb3d9c70,0x00000000bc300000)
Event: 23.472 GC heap after
Heap after GC invocations=10 (full 1):
 PSYoungGen      total 226304K, used 31729K [0x00000000eaa80000, 0x00000000fc080000, 0x0000000100000000)
  eden space 194560K, 0% used [0x00000000eaa80000,0x00000000eaa80000,0x00000000f6880000)
  from space 31744K, 99% used [0x00000000f9280000,0x00000000fb17c488,0x00000000fb180000)
  to   space 15360K, 0% used [0x00000000fb180000,0x00000000fb180000,0x00000000fc080000)
 ParOldGen       total 83968K, used 64206K [0x00000000c0000000, 0x00000000c5200000, 0x00000000eaa80000)
  object space 83968K, 76% used [0x00000000c0000000,0x00000000c3eb3b20,0x00000000c5200000)
 PSPermGen       total 21504K, used 5991K [0x00000000bae00000, 0x00000000bc300000, 0x00000000c0000000)
  object space 21504K, 27% used [0x00000000bae00000,0x00000000bb3d9c70,0x00000000bc300000)
}
Event: 25.952 GC heap before
{Heap before GC invocations=11 (full 1):
 PSYoungGen      total 226304K, used 226289K [0x00000000eaa80000, 0x00000000fc080000, 0x0000000100000000)
  eden space 194560K, 100% used [0x00000000eaa80000,0x00000000f6880000,0x00000000f6880000)
  from space 31744K, 99% used [0x00000000f9280000,0x00000000fb17c488,0x00000000fb180000)
  to   space 15360K, 0% used [0x00000000fb180000,0x00000000fb180000,0x00000000fc080000)
 ParOldGen       total 83968K, used 64206K [0x00000000c0000000, 0x00000000c5200000, 0x00000000eaa80000)
  object space 83968K, 76% used [0x00000000c0000000,0x00000000c3eb3b20,0x00000000c5200000)
 PSPermGen       total 21504K, used 6011K [0x00000000bae00000, 0x00000000bc300000, 0x00000000c0000000)
  object space 21504K, 27% used [0x00000000bae00000,0x00000000bb3dee00,0x00000000bc300000)
Event: 26.503 GC heap after
Heap after GC invocations=11 (full 1):
 PSYoungGen      total 209920K, used 15329K [0x00000000eaa80000, 0x00000000fc080000, 0x0000000100000000)
  eden space 194560K, 0% used [0x00000000eaa80000,0x00000000eaa80000,0x00000000f6880000)
  from space 15360K, 99% used [0x00000000fb180000,0x00000000fc078700,0x00000000fc080000)
  to   space 31744K, 0% used [0x00000000f9280000,0x00000000f9280000,0x00000000fb180000)
 ParOldGen       total 113152K, used 112780K [0x00000000c0000000, 0x00000000c6e80000, 0x00000000eaa80000)
  object space 113152K, 99% used [0x00000000c0000000,0x00000000c6e233b8,0x00000000c6e80000)
 PSPermGen       total 21504K, used 6011K [0x00000000bae00000, 0x00000000bc300000, 0x00000000c0000000)
  object space 21504K, 27% used [0x00000000bae00000,0x00000000bb3dee00,0x00000000bc300000)
}
Event: 26.503 GC heap before
{Heap before GC invocations=12 (full 2):
 PSYoungGen      total 209920K, used 15329K [0x00000000eaa80000, 0x00000000fc080000, 0x0000000100000000)
  eden space 194560K, 0% used [0x00000000eaa80000,0x00000000eaa80000,0x00000000f6880000)
  from space 15360K, 99% used [0x00000000fb180000,0x00000000fc078700,0x00000000fc080000)
  to   space 31744K, 0% used [0x00000000f9280000,0x00000000f9280000,0x00000000fb180000)
 ParOldGen       total 113152K, used 112780K [0x00000000c0000000, 0x00000000c6e80000, 0x00000000eaa80000)
  object space 113152K, 99% used [0x00000000c0000000,0x00000000c6e233b8,0x00000000c6e80000)
 PSPermGen       total 21504K, used 6011K [0x00000000bae00000, 0x00000000bc300000, 0x00000000c0000000)
  object space 21504K, 27% used [0x00000000bae00000,0x00000000bb3dee00,0x00000000bc300000)

